execve("./falst.sh", ["./falst.sh"], [/* 29 vars */]) = 0
brk(NULL)                               = 0x148e000
access("/etc/ld.so.nohwcap", F_OK)      = -1 ENOENT (No such file or directory)
mmap(NULL, 8192, PROT_READ|PROT_WRITE, MAP_PRIVATE|MAP_ANONYMOUS, -1, 0) = 0x7f0d2fcfa000
access("/etc/ld.so.preload", R_OK)      = -1 ENOENT (No such file or directory)
open("/etc/ld.so.cache", O_RDONLY|O_CLOEXEC) = 3
fstat(3, {st_mode=S_IFREG|0644, st_size=96553, ...}) = 0
mmap(NULL, 96553, PROT_READ, MAP_PRIVATE, 3, 0) = 0x7f0d2fce2000
close(3)                                = 0
access("/etc/ld.so.nohwcap", F_OK)      = -1 ENOENT (No such file or directory)
open("/lib/x86_64-linux-gnu/libtinfo.so.5", O_RDONLY|O_CLOEXEC) = 3
read(3, "\177ELF\2\1\1\0\0\0\0\0\0\0\0\0\3\0>\0\1\0\0\0p\310\0\0\0\0\0\0"..., 832) = 832
fstat(3, {st_mode=S_IFREG|0644, st_size=167240, ...}) = 0
mmap(NULL, 2264256, PROT_READ|PROT_EXEC, MAP_PRIVATE|MAP_DENYWRITE, 3, 0) = 0x7f0d2f8ae000
mprotect(0x7f0d2f8d3000, 2093056, PROT_NONE) = 0
mmap(0x7f0d2fad2000, 20480, PROT_READ|PROT_WRITE, MAP_PRIVATE|MAP_FIXED|MAP_DENYWRITE, 3, 0x24000) = 0x7f0d2fad2000
close(3)                                = 0
access("/etc/ld.so.nohwcap", F_OK)      = -1 ENOENT (No such file or directory)
open("/lib/x86_64-linux-gnu/libdl.so.2", O_RDONLY|O_CLOEXEC) = 3
read(3, "\177ELF\2\1\1\0\0\0\0\0\0\0\0\0\3\0>\0\1\0\0\0\240\r\0\0\0\0\0\0"..., 832) = 832
fstat(3, {st_mode=S_IFREG|0644, st_size=14608, ...}) = 0
mmap(NULL, 2109680, PROT_READ|PROT_EXEC, MAP_PRIVATE|MAP_DENYWRITE, 3, 0) = 0x7f0d2f6aa000
mprotect(0x7f0d2f6ad000, 2093056, PROT_NONE) = 0
mmap(0x7f0d2f8ac000, 8192, PROT_READ|PROT_WRITE, MAP_PRIVATE|MAP_FIXED|MAP_DENYWRITE, 3, 0x2000) = 0x7f0d2f8ac000
close(3)                                = 0
access("/etc/ld.so.nohwcap", F_OK)      = -1 ENOENT (No such file or directory)
open("/lib/x86_64-linux-gnu/libc.so.6", O_RDONLY|O_CLOEXEC) = 3
read(3, "\177ELF\2\1\1\3\0\0\0\0\0\0\0\0\3\0>\0\1\0\0\0P\t\2\0\0\0\0\0"..., 832) = 832
fstat(3, {st_mode=S_IFREG|0755, st_size=1864888, ...}) = 0
mmap(NULL, 4096, PROT_READ|PROT_WRITE, MAP_PRIVATE|MAP_ANONYMOUS, -1, 0) = 0x7f0d2fce1000
mmap(NULL, 3967488, PROT_READ|PROT_EXEC, MAP_PRIVATE|MAP_DENYWRITE, 3, 0) = 0x7f0d2f2e1000
mprotect(0x7f0d2f4a1000, 2093056, PROT_NONE) = 0
mmap(0x7f0d2f6a0000, 24576, PROT_READ|PROT_WRITE, MAP_PRIVATE|MAP_FIXED|MAP_DENYWRITE, 3, 0x1bf000) = 0x7f0d2f6a0000
mmap(0x7f0d2f6a6000, 14848, PROT_READ|PROT_WRITE, MAP_PRIVATE|MAP_FIXED|MAP_ANONYMOUS, -1, 0) = 0x7f0d2f6a6000
close(3)                                = 0
mmap(NULL, 4096, PROT_READ|PROT_WRITE, MAP_PRIVATE|MAP_ANONYMOUS, -1, 0) = 0x7f0d2fce0000
mmap(NULL, 4096, PROT_READ|PROT_WRITE, MAP_PRIVATE|MAP_ANONYMOUS, -1, 0) = 0x7f0d2fcdf000
mmap(NULL, 4096, PROT_READ|PROT_WRITE, MAP_PRIVATE|MAP_ANONYMOUS, -1, 0) = 0x7f0d2fcde000
arch_prctl(ARCH_SET_FS, 0x7f0d2fcdf700) = 0
mprotect(0x7f0d2f6a0000, 16384, PROT_READ) = 0
mprotect(0x7f0d2f8ac000, 4096, PROT_READ) = 0
mprotect(0x7f0d2fad2000, 16384, PROT_READ) = 0
mprotect(0x6f3000, 4096, PROT_READ)     = 0
mprotect(0x7f0d2fcfc000, 4096, PROT_READ) = 0
munmap(0x7f0d2fce2000, 96553)           = 0
open("/dev/tty", O_RDWR|O_NONBLOCK)     = 3
close(3)                                = 0
brk(NULL)                               = 0x148e000
brk(0x148f000)                          = 0x148f000
open("/usr/lib/locale/locale-archive", O_RDONLY|O_CLOEXEC) = 3
fstat(3, {st_mode=S_IFREG|0644, st_size=10223104, ...}) = 0
mmap(NULL, 10223104, PROT_READ, MAP_PRIVATE, 3, 0) = 0x7f0d2e921000
close(3)                                = 0
brk(0x1490000)                          = 0x1490000
brk(0x1491000)                          = 0x1491000
brk(0x1492000)                          = 0x1492000
getuid()                                = 0
getgid()                                = 0
geteuid()                               = 0
getegid()                               = 0
rt_sigprocmask(SIG_BLOCK, NULL, [], 8)  = 0
brk(0x1493000)                          = 0x1493000
sysinfo({uptime=4574, loads=[25216, 16800, 12704], totalram=4143898624, freeram=2494545920, sharedram=36679680, bufferram=34119680, totalswap=4292866048, freeswap=4292866048, procs=410, totalhigh=0, freehigh=0, mem_unit=1}) = 0
brk(0x1494000)                          = 0x1494000
rt_sigaction(SIGCHLD, {SIG_DFL, [], SA_RESTORER|SA_RESTART, 0x7f0d2f3164a0}, {SIG_DFL, [], 0}, 8) = 0
rt_sigaction(SIGCHLD, {SIG_DFL, [], SA_RESTORER|SA_RESTART, 0x7f0d2f3164a0}, {SIG_DFL, [], SA_RESTORER|SA_RESTART, 0x7f0d2f3164a0}, 8) = 0
rt_sigaction(SIGINT, {SIG_DFL, [], SA_RESTORER, 0x7f0d2f3164a0}, {SIG_DFL, [], 0}, 8) = 0
rt_sigaction(SIGINT, {SIG_DFL, [], SA_RESTORER, 0x7f0d2f3164a0}, {SIG_DFL, [], SA_RESTORER, 0x7f0d2f3164a0}, 8) = 0
rt_sigaction(SIGQUIT, {SIG_DFL, [], SA_RESTORER, 0x7f0d2f3164a0}, {SIG_DFL, [], 0}, 8) = 0
rt_sigaction(SIGQUIT, {SIG_DFL, [], SA_RESTORER, 0x7f0d2f3164a0}, {SIG_DFL, [], SA_RESTORER, 0x7f0d2f3164a0}, 8) = 0
rt_sigprocmask(SIG_BLOCK, NULL, [], 8)  = 0
rt_sigaction(SIGQUIT, {SIG_IGN, [], SA_RESTORER, 0x7f0d2f3164a0}, {SIG_DFL, [], SA_RESTORER, 0x7f0d2f3164a0}, 8) = 0
uname({sysname="Linux", nodename="daniel", ...}) = 0
brk(0x1495000)                          = 0x1495000
brk(0x1496000)                          = 0x1496000
brk(0x1497000)                          = 0x1497000
stat("/home/daniel/Scripts", {st_mode=S_IFDIR|0775, st_size=4096, ...}) = 0
stat(".", {st_mode=S_IFDIR|0775, st_size=4096, ...}) = 0
getpid()                                = 5185
open("/usr/lib/x86_64-linux-gnu/gconv/gconv-modules.cache", O_RDONLY) = 3
fstat(3, {st_mode=S_IFREG|0644, st_size=26258, ...}) = 0
mmap(NULL, 26258, PROT_READ, MAP_SHARED, 3, 0) = 0x7f0d2fcf3000
close(3)                                = 0
brk(0x1498000)                          = 0x1498000
getppid()                               = 5181
brk(0x1499000)                          = 0x1499000
getpgrp()                               = 5165
rt_sigaction(SIGCHLD, {0x447a20, [], SA_RESTORER|SA_RESTART, 0x7f0d2f3164a0}, {SIG_DFL, [], SA_RESTORER|SA_RESTART, 0x7f0d2f3164a0}, 8) = 0
getrlimit(RLIMIT_NPROC, {rlim_cur=15656, rlim_max=15656}) = 0
brk(0x149a000)                          = 0x149a000
brk(0x149b000)                          = 0x149b000
rt_sigprocmask(SIG_BLOCK, NULL, [], 8)  = 0
open("./falst.sh", O_RDONLY)            = 3
ioctl(3, TCGETS, 0x7fffb4023e70)        = -1 ENOTTY (Inappropriate ioctl for device)
lseek(3, 0, SEEK_CUR)                   = 0
read(3, "#!/bin/bash\n\tping -c 6 www.googl"..., 80) = 62
lseek(3, 0, SEEK_SET)                   = 0
getrlimit(RLIMIT_NOFILE, {rlim_cur=1024, rlim_max=64*1024}) = 0
fcntl(255, F_GETFD)                     = -1 EBADF (Bad file descriptor)
dup2(3, 255)                            = 255
close(3)                                = 0
fcntl(255, F_SETFD, FD_CLOEXEC)         = 0
fcntl(255, F_GETFL)                     = 0x8000 (flags O_RDONLY|O_LARGEFILE)
fstat(255, {st_mode=S_IFREG|0775, st_size=62, ...}) = 0
lseek(255, 0, SEEK_CUR)                 = 0
brk(0x149c000)                          = 0x149c000
read(255, "#!/bin/bash\n\tping -c 6 www.googl"..., 62) = 62
brk(0x149d000)                          = 0x149d000
stat(".", {st_mode=S_IFDIR|0775, st_size=4096, ...}) = 0
stat("/usr/local/sbin/ping", 0x7fffb4023b30) = -1 ENOENT (No such file or directory)
stat("/usr/local/bin/ping", 0x7fffb4023b30) = -1 ENOENT (No such file or directory)
stat("/usr/sbin/ping", 0x7fffb4023b30)  = -1 ENOENT (No such file or directory)
stat("/usr/bin/ping", 0x7fffb4023b30)   = -1 ENOENT (No such file or directory)
stat("/sbin/ping", 0x7fffb4023b30)      = -1 ENOENT (No such file or directory)
stat("/bin/ping", {st_mode=S_IFREG|S_ISUID|0755, st_size=44168, ...}) = 0
stat("/bin/ping", {st_mode=S_IFREG|S_ISUID|0755, st_size=44168, ...}) = 0
geteuid()                               = 0
getegid()                               = 0
getuid()                                = 0
getgid()                                = 0
access("/bin/ping", X_OK)               = 0
stat("/bin/ping", {st_mode=S_IFREG|S_ISUID|0755, st_size=44168, ...}) = 0
geteuid()                               = 0
getegid()                               = 0
getuid()                                = 0
getgid()                                = 0
access("/bin/ping", R_OK)               = 0
stat("/bin/ping", {st_mode=S_IFREG|S_ISUID|0755, st_size=44168, ...}) = 0
stat("/bin/ping", {st_mode=S_IFREG|S_ISUID|0755, st_size=44168, ...}) = 0
geteuid()                               = 0
getegid()                               = 0
getuid()                                = 0
getgid()                                = 0
access("/bin/ping", X_OK)               = 0
stat("/bin/ping", {st_mode=S_IFREG|S_ISUID|0755, st_size=44168, ...}) = 0
geteuid()                               = 0
getegid()                               = 0
getuid()                                = 0
getgid()                                = 0
access("/bin/ping", R_OK)               = 0
brk(0x149e000)                          = 0x149e000
rt_sigprocmask(SIG_BLOCK, [INT CHLD], [], 8) = 0
lseek(255, -23, SEEK_CUR)               = 39
clone(child_stack=0, flags=CLONE_CHILD_CLEARTID|CLONE_CHILD_SETTID|SIGCHLD, child_tidptr=0x7f0d2fcdf9d0) = 5186
rt_sigprocmask(SIG_SETMASK, [], NULL, 8) = 0
rt_sigprocmask(SIG_BLOCK, [CHLD], [], 8) = 0
rt_sigprocmask(SIG_SETMASK, [], NULL, 8) = 0
rt_sigprocmask(SIG_BLOCK, [CHLD], [], 8) = 0
rt_sigaction(SIGINT, {0x444900, [], SA_RESTORER, 0x7f0d2f3164a0}, {SIG_DFL, [], SA_RESTORER, 0x7f0d2f3164a0}, 8) = 0
wait4(-1, strace: Process 5186 attached
 <unfinished ...>
[pid  5186] close(255)                  = 0
[pid  5186] rt_sigprocmask(SIG_SETMASK, [], NULL, 8) = 0
[pid  5186] rt_sigaction(SIGTSTP, {SIG_DFL, [], SA_RESTORER, 0x7f0d2f3164a0}, {SIG_DFL, [], 0}, 8) = 0
[pid  5186] rt_sigaction(SIGTTIN, {SIG_DFL, [], SA_RESTORER, 0x7f0d2f3164a0}, {SIG_DFL, [], 0}, 8) = 0
[pid  5186] rt_sigaction(SIGTTOU, {SIG_DFL, [], SA_RESTORER, 0x7f0d2f3164a0}, {SIG_DFL, [], 0}, 8) = 0
[pid  5186] rt_sigaction(SIGINT, {SIG_DFL, [], SA_RESTORER, 0x7f0d2f3164a0}, {SIG_DFL, [], SA_RESTORER, 0x7f0d2f3164a0}, 8) = 0
[pid  5186] rt_sigaction(SIGQUIT, {SIG_DFL, [], SA_RESTORER, 0x7f0d2f3164a0}, {SIG_IGN, [], SA_RESTORER, 0x7f0d2f3164a0}, 8) = 0
[pid  5186] rt_sigaction(SIGCHLD, {SIG_DFL, [], SA_RESTORER|SA_RESTART, 0x7f0d2f3164a0}, {0x447a20, [], SA_RESTORER|SA_RESTART, 0x7f0d2f3164a0}, 8) = 0
[pid  5186] execve("/bin/ping", ["ping", "-c", "6", "www.google.com"], [/* 29 vars */]) = 0
[pid  5186] brk(NULL)                   = 0x1280000
[pid  5186] access("/etc/ld.so.nohwcap", F_OK) = -1 ENOENT (No such file or directory)
[pid  5186] mmap(NULL, 8192, PROT_READ|PROT_WRITE, MAP_PRIVATE|MAP_ANONYMOUS, -1, 0) = 0x7f7b26aae000
[pid  5186] access("/etc/ld.so.preload", R_OK) = -1 ENOENT (No such file or directory)
[pid  5186] open("/etc/ld.so.cache", O_RDONLY|O_CLOEXEC) = 3
[pid  5186] fstat(3, {st_mode=S_IFREG|0644, st_size=96553, ...}) = 0
[pid  5186] mmap(NULL, 96553, PROT_READ, MAP_PRIVATE, 3, 0) = 0x7f7b26a96000
[pid  5186] close(3)                    = 0
[pid  5186] access("/etc/ld.so.nohwcap", F_OK) = -1 ENOENT (No such file or directory)
[pid  5186] open("/lib/x86_64-linux-gnu/libcap.so.2", O_RDONLY|O_CLOEXEC) = 3
[pid  5186] read(3, "\177ELF\2\1\1\0\0\0\0\0\0\0\0\0\3\0>\0\1\0\0\0\260\30\0\0\0\0\0\0"..., 832) = 832
[pid  5186] fstat(3, {st_mode=S_IFREG|0644, st_size=23128, ...}) = 0
[pid  5186] mmap(NULL, 2118192, PROT_READ|PROT_EXEC, MAP_PRIVATE|MAP_DENYWRITE, 3, 0) = 0x7f7b26685000
[pid  5186] mprotect(0x7f7b26689000, 2097152, PROT_NONE) = 0
[pid  5186] mmap(0x7f7b26889000, 8192, PROT_READ|PROT_WRITE, MAP_PRIVATE|MAP_FIXED|MAP_DENYWRITE, 3, 0x4000) = 0x7f7b26889000
[pid  5186] close(3)                    = 0
[pid  5186] access("/etc/ld.so.nohwcap", F_OK) = -1 ENOENT (No such file or directory)
[pid  5186] open("/lib/x86_64-linux-gnu/libc.so.6", O_RDONLY|O_CLOEXEC) = 3
[pid  5186] read(3, "\177ELF\2\1\1\3\0\0\0\0\0\0\0\0\3\0>\0\1\0\0\0P\t\2\0\0\0\0\0"..., 832) = 832
[pid  5186] fstat(3, {st_mode=S_IFREG|0755, st_size=1864888, ...}) = 0
[pid  5186] mmap(NULL, 3967488, PROT_READ|PROT_EXEC, MAP_PRIVATE|MAP_DENYWRITE, 3, 0) = 0x7f7b262bc000
[pid  5186] mprotect(0x7f7b2647c000, 2093056, PROT_NONE) = 0
[pid  5186] mmap(0x7f7b2667b000, 24576, PROT_READ|PROT_WRITE, MAP_PRIVATE|MAP_FIXED|MAP_DENYWRITE, 3, 0x1bf000) = 0x7f7b2667b000
[pid  5186] mmap(0x7f7b26681000, 14848, PROT_READ|PROT_WRITE, MAP_PRIVATE|MAP_FIXED|MAP_ANONYMOUS, -1, 0) = 0x7f7b26681000
[pid  5186] close(3)                    = 0
[pid  5186] mmap(NULL, 4096, PROT_READ|PROT_WRITE, MAP_PRIVATE|MAP_ANONYMOUS, -1, 0) = 0x7f7b26a95000
[pid  5186] mmap(NULL, 4096, PROT_READ|PROT_WRITE, MAP_PRIVATE|MAP_ANONYMOUS, -1, 0) = 0x7f7b26a94000
[pid  5186] mmap(NULL, 4096, PROT_READ|PROT_WRITE, MAP_PRIVATE|MAP_ANONYMOUS, -1, 0) = 0x7f7b26a93000
[pid  5186] arch_prctl(ARCH_SET_FS, 0x7f7b26a94700) = 0
[pid  5186] mprotect(0x7f7b2667b000, 16384, PROT_READ) = 0
[pid  5186] mprotect(0x7f7b26889000, 4096, PROT_READ) = 0
[pid  5186] mprotect(0x609000, 4096, PROT_READ) = 0
[pid  5186] mprotect(0x7f7b26ab0000, 4096, PROT_READ) = 0
[pid  5186] munmap(0x7f7b26a96000, 96553) = 0
[pid  5186] brk(NULL)                   = 0x1280000
[pid  5186] brk(0x12a1000)              = 0x12a1000
[pid  5186] capget({_LINUX_CAPABILITY_VERSION_3, 0}, NULL) = 0
[pid  5186] capget({_LINUX_CAPABILITY_VERSION_3, 0}, {CAP_CHOWN|CAP_DAC_OVERRIDE|CAP_DAC_READ_SEARCH|CAP_FOWNER|CAP_FSETID|CAP_KILL|CAP_SETGID|CAP_SETUID|CAP_SETPCAP|CAP_LINUX_IMMUTABLE|CAP_NET_BIND_SERVICE|CAP_NET_BROADCAST|CAP_NET_ADMIN|CAP_NET_RAW|CAP_IPC_LOCK|CAP_IPC_OWNER|CAP_SYS_MODULE|CAP_SYS_RAWIO|CAP_SYS_CHROOT|CAP_SYS_PTRACE|CAP_SYS_PACCT|CAP_SYS_ADMIN|CAP_SYS_BOOT|CAP_SYS_NICE|CAP_SYS_RESOURCE|CAP_SYS_TIME|CAP_SYS_TTY_CONFIG|CAP_MKNOD|CAP_LEASE|CAP_AUDIT_WRITE|CAP_AUDIT_CONTROL|CAP_SETFCAP|CAP_MAC_OVERRIDE|CAP_MAC_ADMIN|CAP_SYSLOG|CAP_WAKE_ALARM|CAP_BLOCK_SUSPEND|CAP_AUDIT_READ, CAP_CHOWN|CAP_DAC_OVERRIDE|CAP_DAC_READ_SEARCH|CAP_FOWNER|CAP_FSETID|CAP_KILL|CAP_SETGID|CAP_SETUID|CAP_SETPCAP|CAP_LINUX_IMMUTABLE|CAP_NET_BIND_SERVICE|CAP_NET_BROADCAST|CAP_NET_ADMIN|CAP_NET_RAW|CAP_IPC_LOCK|CAP_IPC_OWNER|CAP_SYS_MODULE|CAP_SYS_RAWIO|CAP_SYS_CHROOT|CAP_SYS_PTRACE|CAP_SYS_PACCT|CAP_SYS_ADMIN|CAP_SYS_BOOT|CAP_SYS_NICE|CAP_SYS_RESOURCE|CAP_SYS_TIME|CAP_SYS_TTY_CONFIG|CAP_MKNOD|CAP_LEASE|CAP_AUDIT_WRITE|CAP_AUDIT_CONTROL|CAP_SETFCAP|CAP_MAC_OVERRIDE|CAP_MAC_ADMIN|CAP_SYSLOG|CAP_WAKE_ALARM|CAP_BLOCK_SUSPEND|CAP_AUDIT_READ, 0}) = 0
[pid  5186] capget({_LINUX_CAPABILITY_VERSION_3, 0}, NULL) = 0
[pid  5186] capset({_LINUX_CAPABILITY_VERSION_3, 0}, {0, CAP_NET_ADMIN|CAP_NET_RAW, 0}) = 0
[pid  5186] prctl(PR_SET_KEEPCAPS, 1)   = 0
[pid  5186] getuid()                    = 0
[pid  5186] setuid(0)                   = 0
[pid  5186] prctl(PR_SET_KEEPCAPS, 0)   = 0
[pid  5186] getuid()                    = 0
[pid  5186] geteuid()                   = 0
[pid  5186] capget({_LINUX_CAPABILITY_VERSION_3, 0}, NULL) = 0
[pid  5186] capget({_LINUX_CAPABILITY_VERSION_3, 0}, {0, CAP_NET_ADMIN|CAP_NET_RAW, 0}) = 0
[pid  5186] capset({_LINUX_CAPABILITY_VERSION_3, 0}, {CAP_NET_RAW, CAP_NET_ADMIN|CAP_NET_RAW, 0}) = 0
[pid  5186] socket(PF_INET, SOCK_RAW, IPPROTO_ICMP) = 3
[pid  5186] capget({_LINUX_CAPABILITY_VERSION_3, 0}, NULL) = 0
[pid  5186] capget({_LINUX_CAPABILITY_VERSION_3, 0}, {CAP_NET_RAW, CAP_NET_ADMIN|CAP_NET_RAW, 0}) = 0
[pid  5186] capset({_LINUX_CAPABILITY_VERSION_3, 0}, {0, CAP_NET_ADMIN|CAP_NET_RAW, 0}) = 0
[pid  5186] getpid()                    = 5186
[pid  5186] open("/etc/resolv.conf", O_RDONLY|O_CLOEXEC) = 4
[pid  5186] fstat(4, {st_mode=S_IFREG|0644, st_size=194, ...}) = 0
[pid  5186] read(4, "# Dynamic resolv.conf(5) file fo"..., 4096) = 194
[pid  5186] read(4, "", 4096)           = 0
[pid  5186] close(4)                    = 0
[pid  5186] stat("/etc/resolv.conf", {st_mode=S_IFREG|0644, st_size=194, ...}) = 0
[pid  5186] open("/etc/resolv.conf", O_RDONLY|O_CLOEXEC) = 4
[pid  5186] fstat(4, {st_mode=S_IFREG|0644, st_size=194, ...}) = 0
[pid  5186] read(4, "# Dynamic resolv.conf(5) file fo"..., 4096) = 194
[pid  5186] read(4, "", 4096)           = 0
[pid  5186] close(4)                    = 0
[pid  5186] socket(PF_LOCAL, SOCK_STREAM|SOCK_CLOEXEC|SOCK_NONBLOCK, 0) = 4
[pid  5186] connect(4, {sa_family=AF_LOCAL, sun_path="/var/run/nscd/socket"}, 110) = -1 ENOENT (No such file or directory)
[pid  5186] close(4)                    = 0
[pid  5186] socket(PF_LOCAL, SOCK_STREAM|SOCK_CLOEXEC|SOCK_NONBLOCK, 0) = 4
[pid  5186] connect(4, {sa_family=AF_LOCAL, sun_path="/var/run/nscd/socket"}, 110) = -1 ENOENT (No such file or directory)
[pid  5186] close(4)                    = 0
[pid  5186] open("/etc/nsswitch.conf", O_RDONLY|O_CLOEXEC) = 4
[pid  5186] fstat(4, {st_mode=S_IFREG|0644, st_size=529, ...}) = 0
[pid  5186] read(4, "# /etc/nsswitch.conf\n#\n# Example"..., 4096) = 529
[pid  5186] read(4, "", 4096)           = 0
[pid  5186] close(4)                    = 0
[pid  5186] open("/etc/ld.so.cache", O_RDONLY|O_CLOEXEC) = 4
[pid  5186] fstat(4, {st_mode=S_IFREG|0644, st_size=96553, ...}) = 0
[pid  5186] mmap(NULL, 96553, PROT_READ, MAP_PRIVATE, 4, 0) = 0x7f7b26a96000
[pid  5186] close(4)                    = 0
[pid  5186] access("/etc/ld.so.nohwcap", F_OK) = -1 ENOENT (No such file or directory)
[pid  5186] open("/lib/x86_64-linux-gnu/libnss_files.so.2", O_RDONLY|O_CLOEXEC) = 4
[pid  5186] read(4, "\177ELF\2\1\1\0\0\0\0\0\0\0\0\0\3\0>\0\1\0\0\0\260!\0\0\0\0\0\0"..., 832) = 832
[pid  5186] fstat(4, {st_mode=S_IFREG|0644, st_size=47600, ...}) = 0
[pid  5186] mmap(NULL, 2168600, PROT_READ|PROT_EXEC, MAP_PRIVATE|MAP_DENYWRITE, 4, 0) = 0x7f7b260aa000
[pid  5186] mprotect(0x7f7b260b5000, 2093056, PROT_NONE) = 0
[pid  5186] mmap(0x7f7b262b4000, 8192, PROT_READ|PROT_WRITE, MAP_PRIVATE|MAP_FIXED|MAP_DENYWRITE, 4, 0xa000) = 0x7f7b262b4000
[pid  5186] mmap(0x7f7b262b6000, 22296, PROT_READ|PROT_WRITE, MAP_PRIVATE|MAP_FIXED|MAP_ANONYMOUS, -1, 0) = 0x7f7b262b6000
[pid  5186] close(4)                    = 0
[pid  5186] mprotect(0x7f7b262b4000, 4096, PROT_READ) = 0
[pid  5186] munmap(0x7f7b26a96000, 96553) = 0
[pid  5186] open("/etc/host.conf", O_RDONLY|O_CLOEXEC) = 4
[pid  5186] fstat(4, {st_mode=S_IFREG|0644, st_size=92, ...}) = 0
[pid  5186] read(4, "# The \"order\" line is only used "..., 4096) = 92
[pid  5186] read(4, "", 4096)           = 0
[pid  5186] close(4)                    = 0
[pid  5186] open("/etc/hosts", O_RDONLY|O_CLOEXEC) = 4
[pid  5186] fstat(4, {st_mode=S_IFREG|0644, st_size=221, ...}) = 0
[pid  5186] read(4, "127.0.0.1\tlocalhost\n127.0.1.1\tda"..., 4096) = 221
[pid  5186] read(4, "", 4096)           = 0
[pid  5186] close(4)                    = 0
[pid  5186] open("/etc/ld.so.cache", O_RDONLY|O_CLOEXEC) = 4
[pid  5186] fstat(4, {st_mode=S_IFREG|0644, st_size=96553, ...}) = 0
[pid  5186] mmap(NULL, 96553, PROT_READ, MAP_PRIVATE, 4, 0) = 0x7f7b26a96000
[pid  5186] close(4)                    = 0
[pid  5186] access("/etc/ld.so.nohwcap", F_OK) = -1 ENOENT (No such file or directory)
[pid  5186] open("/lib/x86_64-linux-gnu/libnss_mdns4_minimal.so.2", O_RDONLY|O_CLOEXEC) = 4
[pid  5186] read(4, "\177ELF\2\1\1\0\0\0\0\0\0\0\0\0\3\0>\0\1\0\0\0\320\v\0\0\0\0\0\0"..., 832) = 832
[pid  5186] fstat(4, {st_mode=S_IFREG|0644, st_size=10480, ...}) = 0
[pid  5186] mmap(NULL, 2105544, PROT_READ|PROT_EXEC, MAP_PRIVATE|MAP_DENYWRITE, 4, 0) = 0x7f7b25ea7000
[pid  5186] mprotect(0x7f7b25ea9000, 2093056, PROT_NONE) = 0
[pid  5186] mmap(0x7f7b260a8000, 8192, PROT_READ|PROT_WRITE, MAP_PRIVATE|MAP_FIXED|MAP_DENYWRITE, 4, 0x1000) = 0x7f7b260a8000
[pid  5186] close(4)                    = 0
[pid  5186] mprotect(0x7f7b260a8000, 4096, PROT_READ) = 0
[pid  5186] munmap(0x7f7b26a96000, 96553) = 0
[pid  5186] open("/etc/ld.so.cache", O_RDONLY|O_CLOEXEC) = 4
[pid  5186] fstat(4, {st_mode=S_IFREG|0644, st_size=96553, ...}) = 0
[pid  5186] mmap(NULL, 96553, PROT_READ, MAP_PRIVATE, 4, 0) = 0x7f7b26a96000
[pid  5186] close(4)                    = 0
[pid  5186] access("/etc/ld.so.nohwcap", F_OK) = -1 ENOENT (No such file or directory)
[pid  5186] open("/lib/x86_64-linux-gnu/libnss_dns.so.2", O_RDONLY|O_CLOEXEC) = 4
[pid  5186] read(4, "\177ELF\2\1\1\0\0\0\0\0\0\0\0\0\3\0>\0\1\0\0\0 \20\0\0\0\0\0\0"..., 832) = 832
[pid  5186] fstat(4, {st_mode=S_IFREG|0644, st_size=27016, ...}) = 0
[pid  5186] mmap(NULL, 2121960, PROT_READ|PROT_EXEC, MAP_PRIVATE|MAP_DENYWRITE, 4, 0) = 0x7f7b25ca0000
[pid  5186] mprotect(0x7f7b25ca5000, 2097152, PROT_NONE) = 0
[pid  5186] mmap(0x7f7b25ea5000, 8192, PROT_READ|PROT_WRITE, MAP_PRIVATE|MAP_FIXED|MAP_DENYWRITE, 4, 0x5000) = 0x7f7b25ea5000
[pid  5186] close(4)                    = 0
[pid  5186] access("/etc/ld.so.nohwcap", F_OK) = -1 ENOENT (No such file or directory)
[pid  5186] open("/lib/x86_64-linux-gnu/libresolv.so.2", O_RDONLY|O_CLOEXEC) = 4
[pid  5186] read(4, "\177ELF\2\1\1\0\0\0\0\0\0\0\0\0\3\0>\0\1\0\0\0\2209\0\0\0\0\0\0"..., 832) = 832
[pid  5186] fstat(4, {st_mode=S_IFREG|0644, st_size=101200, ...}) = 0
[pid  5186] mmap(NULL, 2206280, PROT_READ|PROT_EXEC, MAP_PRIVATE|MAP_DENYWRITE, 4, 0) = 0x7f7b25a85000
[pid  5186] mprotect(0x7f7b25a9c000, 2097152, PROT_NONE) = 0
[pid  5186] mmap(0x7f7b25c9c000, 8192, PROT_READ|PROT_WRITE, MAP_PRIVATE|MAP_FIXED|MAP_DENYWRITE, 4, 0x17000) = 0x7f7b25c9c000
[pid  5186] mmap(0x7f7b25c9e000, 6728, PROT_READ|PROT_WRITE, MAP_PRIVATE|MAP_FIXED|MAP_ANONYMOUS, -1, 0) = 0x7f7b25c9e000
[pid  5186] close(4)                    = 0
[pid  5186] mprotect(0x7f7b25c9c000, 4096, PROT_READ) = 0
[pid  5186] mprotect(0x7f7b25ea5000, 4096, PROT_READ) = 0
[pid  5186] munmap(0x7f7b26a96000, 96553) = 0
[pid  5186] stat("/etc/resolv.conf", {st_mode=S_IFREG|0644, st_size=194, ...}) = 0
[pid  5186] socket(PF_INET, SOCK_DGRAM|SOCK_NONBLOCK, IPPROTO_IP) = 4
[pid  5186] connect(4, {sa_family=AF_INET, sin_port=htons(53), sin_addr=inet_addr("127.0.1.1")}, 16) = 0
[pid  5186] poll([{fd=4, events=POLLOUT}], 1, 0) = 1 ([{fd=4, revents=POLLOUT}])
[pid  5186] sendto(4, "\200e\1\0\0\1\0\0\0\0\0\0\3www\6google\3com\0\0\1\0\1", 32, MSG_NOSIGNAL, NULL, 0) = 32
[pid  5186] poll([{fd=4, events=POLLIN}], 1, 5000) = 1 ([{fd=4, revents=POLLIN}])
[pid  5186] ioctl(4, FIONREAD, [184])   = 0
[pid  5186] recvfrom(4, "\200e\201\200\0\1\0\1\0\4\0\4\3www\6google\3com\0\0\1\0\1"..., 1024, 0, {sa_family=AF_INET, sin_port=htons(53), sin_addr=inet_addr("127.0.1.1")}, [16]) = 184
[pid  5186] close(4)                    = 0
[pid  5186] socket(PF_INET, SOCK_DGRAM, IPPROTO_IP) = 4
[pid  5186] connect(4, {sa_family=AF_INET, sin_port=htons(1025), sin_addr=inet_addr("216.58.194.164")}, 16) = 0
[pid  5186] getsockname(4, {sa_family=AF_INET, sin_port=htons(39399), sin_addr=inet_addr("10.0.2.15")}, [16]) = 0
[pid  5186] close(4)                    = 0
[pid  5186] setsockopt(3, SOL_RAW, ICMP_FILTER, ~(ICMP_ECHOREPLY|ICMP_DEST_UNREACH|ICMP_SOURCE_QUENCH|ICMP_REDIRECT|ICMP_TIME_EXCEEDED|ICMP_PARAMETERPROB), 4) = 0
[pid  5186] setsockopt(3, SOL_IP, IP_RECVERR, [1], 4) = 0
[pid  5186] setsockopt(3, SOL_SOCKET, SO_SNDBUF, [324], 4) = 0
[pid  5186] setsockopt(3, SOL_SOCKET, SO_RCVBUF, [65536], 4) = 0
[pid  5186] getsockopt(3, SOL_SOCKET, SO_RCVBUF, [131072], [4]) = 0
[pid  5186] fstat(1, {st_mode=S_IFREG|0644, st_size=0, ...}) = 0
[pid  5186] setsockopt(3, SOL_SOCKET, SO_TIMESTAMP, [1], 4) = 0
[pid  5186] setsockopt(3, SOL_SOCKET, SO_SNDTIMEO, "\1\0\0\0\0\0\0\0\0\0\0\0\0\0\0\0", 16) = 0
[pid  5186] setsockopt(3, SOL_SOCKET, SO_RCVTIMEO, "\1\0\0\0\0\0\0\0\0\0\0\0\0\0\0\0", 16) = 0
[pid  5186] rt_sigaction(SIGINT, {0x4043c0, [], SA_RESTORER|SA_INTERRUPT, 0x7f7b262f14a0}, NULL, 8) = 0
[pid  5186] rt_sigaction(SIGALRM, {0x4043c0, [], SA_RESTORER|SA_INTERRUPT, 0x7f7b262f14a0}, NULL, 8) = 0
[pid  5186] rt_sigaction(SIGQUIT, {0x4043b0, [], SA_RESTORER|SA_INTERRUPT, 0x7f7b262f14a0}, NULL, 8) = 0
[pid  5186] rt_sigprocmask(SIG_SETMASK, [], NULL, 8) = 0
[pid  5186] ioctl(1, TCGETS, 0x7ffe4d079fb0) = -1 ENOTTY (Inappropriate ioctl for device)
[pid  5186] sendmsg(3, {msg_name(16)={sa_family=AF_INET, sin_port=htons(0), sin_addr=inet_addr("216.58.194.164")}, msg_iov(1)=[{"\10\0\35\241\24B\0\1\352\322\301W\0\0\0\0[\36\0\0\0\0\0\0\20\21\22\23\24\25\26\27"..., 64}], msg_controllen=0, msg_flags=0}, 0) = 64
[pid  5186] recvmsg(3, {msg_name(16)={sa_family=AF_INET, sin_port=htons(0), sin_addr=inet_addr("216.58.194.164")}, msg_iov(1)=[{"E\0\0T\6\212@\0?\1\2161\330:\302\244\n\0\2\17\0\0%\241\24B\0\1\352\322\301W"..., 192}], msg_controllen=32, [{cmsg_len=32, cmsg_level=SOL_SOCKET, cmsg_type=0x1d /* SCM_??? */}], msg_flags=0}, 0) = 84
[pid  5186] stat("/etc/resolv.conf", {st_mode=S_IFREG|0644, st_size=194, ...}) = 0
[pid  5186] open("/etc/hosts", O_RDONLY|O_CLOEXEC) = 4
[pid  5186] fstat(4, {st_mode=S_IFREG|0644, st_size=221, ...}) = 0
[pid  5186] read(4, "127.0.0.1\tlocalhost\n127.0.1.1\tda"..., 4096) = 221
[pid  5186] read(4, "", 4096)           = 0
[pid  5186] close(4)                    = 0
[pid  5186] stat("/etc/resolv.conf", {st_mode=S_IFREG|0644, st_size=194, ...}) = 0
[pid  5186] socket(PF_INET, SOCK_DGRAM|SOCK_NONBLOCK, IPPROTO_IP) = 4
[pid  5186] connect(4, {sa_family=AF_INET, sin_port=htons(53), sin_addr=inet_addr("127.0.1.1")}, 16) = 0
[pid  5186] poll([{fd=4, events=POLLOUT}], 1, 0) = 1 ([{fd=4, revents=POLLOUT}])
[pid  5186] sendto(4, "\260\231\1\0\0\1\0\0\0\0\0\0\003164\003194\00258\003216\7in-a"..., 45, MSG_NOSIGNAL, NULL, 0) = 45
[pid  5186] poll([{fd=4, events=POLLIN}], 1, 5000) = 1 ([{fd=4, revents=POLLIN}])
[pid  5186] ioctl(4, FIONREAD, [260])   = 0
[pid  5186] recvfrom(4, "\260\231\201\200\0\1\0\2\0\4\0\4\003164\003194\00258\003216\7in-a"..., 1024, 0, {sa_family=AF_INET, sin_port=htons(53), sin_addr=inet_addr("127.0.1.1")}, [16]) = 260
[pid  5186] close(4)                    = 0
[pid  5186] write(1, "PING www.google.com (216.58.194."..., 148) = 148
[pid  5186] poll([{fd=3, events=POLLIN|POLLERR}], 1, 524) = 0 (Timeout)
[pid  5186] sendmsg(3, {msg_name(16)={sa_family=AF_INET, sin_port=htons(0), sin_addr=inet_addr("216.58.194.164")}, msg_iov(1)=[{"\10\0\301\232\24B\0\2\353\322\301W\0\0\0\0\266#\0\0\0\0\0\0\20\21\22\23\24\25\26\27"..., 64}], msg_controllen=0, msg_flags=0}, MSG_CONFIRM) = 64
[pid  5186] recvmsg(3, {msg_name(16)={sa_family=AF_INET, sin_port=htons(0), sin_addr=inet_addr("216.58.194.164")}, msg_iov(1)=[{"E\0\0T\6\214@\0?\1\216/\330:\302\244\n\0\2\17\0\0\311\232\24B\0\2\353\322\301W"..., 192}], msg_controllen=32, [{cmsg_len=32, cmsg_level=SOL_SOCKET, cmsg_type=0x1d /* SCM_??? */}], msg_flags=0}, 0) = 84
[pid  5186] write(1, "64 bytes from sfo07s13-in-f164.1"..., 89) = 89
[pid  5186] poll([{fd=3, events=POLLIN|POLLERR}], 1, 758) = 0 (Timeout)
[pid  5186] sendmsg(3, {msg_name(16)={sa_family=AF_INET, sin_port=htons(0), sin_addr=inet_addr("216.58.194.164")}, msg_iov(1)=[{"\10\0\271\225\24B\0\3\354\322\301W\0\0\0\0\275'\0\0\0\0\0\0\20\21\22\23\24\25\26\27"..., 64}], msg_controllen=0, msg_flags=0}, MSG_CONFIRM) = 64
[pid  5186] recvmsg(3, {msg_name(16)={sa_family=AF_INET, sin_port=htons(0), sin_addr=inet_addr("216.58.194.164")}, msg_iov(1)=[{"E\0\0T\6\215@\0?\1\216.\330:\302\244\n\0\2\17\0\0\301\225\24B\0\3\354\322\301W"..., 192}], msg_controllen=32, [{cmsg_len=32, cmsg_level=SOL_SOCKET, cmsg_type=0x1d /* SCM_??? */}], msg_flags=0}, 0) = 84
[pid  5186] write(1, "64 bytes from sfo07s13-in-f164.1"..., 89) = 89
[pid  5186] poll([{fd=3, events=POLLIN|POLLERR}], 1, 763) = 0 (Timeout)
[pid  5186] sendmsg(3, {msg_name(16)={sa_family=AF_INET, sin_port=htons(0), sin_addr=inet_addr("216.58.194.164")}, msg_iov(1)=[{"\10\0J\215\24B\0\4\355\322\301W\0\0\0\0+/\0\0\0\0\0\0\20\21\22\23\24\25\26\27"..., 64}], msg_controllen=0, msg_flags=0}, MSG_CONFIRM) = 64
[pid  5186] recvmsg(3, {msg_name(16)={sa_family=AF_INET, sin_port=htons(0), sin_addr=inet_addr("216.58.194.164")}, msg_iov(1)=[{"E\0\0T\6\216@\0?\1\216-\330:\302\244\n\0\2\17\0\0R\215\24B\0\4\355\322\301W"..., 192}], msg_controllen=32, [{cmsg_len=32, cmsg_level=SOL_SOCKET, cmsg_type=0x1d /* SCM_??? */}], msg_flags=0}, 0) = 84
[pid  5186] write(1, "64 bytes from sfo07s13-in-f164.1"..., 89) = 89
[pid  5186] poll([{fd=3, events=POLLIN|POLLERR}], 1, 759) = 0 (Timeout)
[pid  5186] sendmsg(3, {msg_name(16)={sa_family=AF_INET, sin_port=htons(0), sin_addr=inet_addr("216.58.194.164")}, msg_iov(1)=[{"\10\0\2\177\24B\0\5\356\322\301W\0\0\0\0r<\0\0\0\0\0\0\20\21\22\23\24\25\26\27"..., 64}], msg_controllen=0, msg_flags=0}, MSG_CONFIRM) = 64
[pid  5186] recvmsg(3, {msg_name(16)={sa_family=AF_INET, sin_port=htons(0), sin_addr=inet_addr("216.58.194.164")}, msg_iov(1)=[{"E\0\0T\6\217@\0?\1\216,\330:\302\244\n\0\2\17\0\0\n\177\24B\0\5\356\322\301W"..., 192}], msg_controllen=32, [{cmsg_len=32, cmsg_level=SOL_SOCKET, cmsg_type=0x1d /* SCM_??? */}], msg_flags=0}, 0) = 84
[pid  5186] write(1, "64 bytes from sfo07s13-in-f164.1"..., 89) = 89
[pid  5186] poll([{fd=3, events=POLLIN|POLLERR}], 1, 764) = 0 (Timeout)
[pid  5186] sendmsg(3, {msg_name(16)={sa_family=AF_INET, sin_port=htons(0), sin_addr=inet_addr("216.58.194.164")}, msg_iov(1)=[{"\10\0\346t\24B\0\6\357\322\301W\0\0\0\0\215E\0\0\0\0\0\0\20\21\22\23\24\25\26\27"..., 64}], msg_controllen=0, msg_flags=0}, MSG_CONFIRM) = 64
[pid  5186] setitimer(ITIMER_REAL, {it_interval={0, 0}, it_value={1, 0}}, NULL) = 0
[pid  5186] recvmsg(3, {msg_name(16)={sa_family=AF_INET, sin_port=htons(0), sin_addr=inet_addr("216.58.194.164")}, msg_iov(1)=[{"E\0\0T\6\220@\0?\1\216+\330:\302\244\n\0\2\17\0\0\356t\24B\0\6\357\322\301W"..., 192}], msg_controllen=32, [{cmsg_len=32, cmsg_level=SOL_SOCKET, cmsg_type=0x1d /* SCM_??? */}], msg_flags=0}, 0) = 84
[pid  5186] write(1, "64 bytes from sfo07s13-in-f164.1"..., 89) = 89
[pid  5186] write(1, "\n", 1)           = 1
[pid  5186] write(1, "--- www.google.com ping statisti"..., 158) = 158
[pid  5186] exit_group(0)               = ?
[pid  5186] +++ exited with 0 +++
<... wait4 resumed> [{WIFEXITED(s) && WEXITSTATUS(s) == 0}], 0, NULL) = 5186
rt_sigaction(SIGINT, {SIG_DFL, [], SA_RESTORER, 0x7f0d2f3164a0}, {0x444900, [], SA_RESTORER, 0x7f0d2f3164a0}, 8) = 0
rt_sigprocmask(SIG_SETMASK, [], NULL, 8) = 0
--- SIGCHLD {si_signo=SIGCHLD, si_code=CLD_EXITED, si_pid=5186, si_uid=0, si_status=0, si_utime=0, si_stime=0} ---
wait4(-1, 0x7fffb4023650, WNOHANG, NULL) = -1 ECHILD (No child processes)
rt_sigreturn({mask=[]})                 = 0
read(255, "\techo \"ERRORS\"\n\nexit 1\n", 62) = 23
write(1, "ERRORS\n", 7)                 = 7
rt_sigprocmask(SIG_BLOCK, [CHLD], [], 8) = 0
rt_sigprocmask(SIG_SETMASK, [], NULL, 8) = 0
exit_group(1)                           = ?
+++ exited with 1 +++
