execve("./falst.sh", ["./falst.sh"], [/* 29 vars */]) = 0
brk(NULL)                               = 0x17da000
access("/etc/ld.so.nohwcap", F_OK)      = -1 ENOENT (No such file or directory)
mmap(NULL, 8192, PROT_READ|PROT_WRITE, MAP_PRIVATE|MAP_ANONYMOUS, -1, 0) = 0x7f530ece0000
access("/etc/ld.so.preload", R_OK)      = -1 ENOENT (No such file or directory)
open("/etc/ld.so.cache", O_RDONLY|O_CLOEXEC) = 3
fstat(3, {st_mode=S_IFREG|0644, st_size=96553, ...}) = 0
mmap(NULL, 96553, PROT_READ, MAP_PRIVATE, 3, 0) = 0x7f530ecc8000
close(3)                                = 0
access("/etc/ld.so.nohwcap", F_OK)      = -1 ENOENT (No such file or directory)
open("/lib/x86_64-linux-gnu/libtinfo.so.5", O_RDONLY|O_CLOEXEC) = 3
read(3, "\177ELF\2\1\1\0\0\0\0\0\0\0\0\0\3\0>\0\1\0\0\0p\310\0\0\0\0\0\0"..., 832) = 832
fstat(3, {st_mode=S_IFREG|0644, st_size=167240, ...}) = 0
mmap(NULL, 2264256, PROT_READ|PROT_EXEC, MAP_PRIVATE|MAP_DENYWRITE, 3, 0) = 0x7f530e894000
mprotect(0x7f530e8b9000, 2093056, PROT_NONE) = 0
mmap(0x7f530eab8000, 20480, PROT_READ|PROT_WRITE, MAP_PRIVATE|MAP_FIXED|MAP_DENYWRITE, 3, 0x24000) = 0x7f530eab8000
close(3)                                = 0
access("/etc/ld.so.nohwcap", F_OK)      = -1 ENOENT (No such file or directory)
open("/lib/x86_64-linux-gnu/libdl.so.2", O_RDONLY|O_CLOEXEC) = 3
read(3, "\177ELF\2\1\1\0\0\0\0\0\0\0\0\0\3\0>\0\1\0\0\0\240\r\0\0\0\0\0\0"..., 832) = 832
fstat(3, {st_mode=S_IFREG|0644, st_size=14608, ...}) = 0
mmap(NULL, 2109680, PROT_READ|PROT_EXEC, MAP_PRIVATE|MAP_DENYWRITE, 3, 0) = 0x7f530e690000
mprotect(0x7f530e693000, 2093056, PROT_NONE) = 0
mmap(0x7f530e892000, 8192, PROT_READ|PROT_WRITE, MAP_PRIVATE|MAP_FIXED|MAP_DENYWRITE, 3, 0x2000) = 0x7f530e892000
close(3)                                = 0
access("/etc/ld.so.nohwcap", F_OK)      = -1 ENOENT (No such file or directory)
open("/lib/x86_64-linux-gnu/libc.so.6", O_RDONLY|O_CLOEXEC) = 3
read(3, "\177ELF\2\1\1\3\0\0\0\0\0\0\0\0\3\0>\0\1\0\0\0P\t\2\0\0\0\0\0"..., 832) = 832
fstat(3, {st_mode=S_IFREG|0755, st_size=1864888, ...}) = 0
mmap(NULL, 4096, PROT_READ|PROT_WRITE, MAP_PRIVATE|MAP_ANONYMOUS, -1, 0) = 0x7f530ecc7000
mmap(NULL, 3967488, PROT_READ|PROT_EXEC, MAP_PRIVATE|MAP_DENYWRITE, 3, 0) = 0x7f530e2c7000
mprotect(0x7f530e487000, 2093056, PROT_NONE) = 0
mmap(0x7f530e686000, 24576, PROT_READ|PROT_WRITE, MAP_PRIVATE|MAP_FIXED|MAP_DENYWRITE, 3, 0x1bf000) = 0x7f530e686000
mmap(0x7f530e68c000, 14848, PROT_READ|PROT_WRITE, MAP_PRIVATE|MAP_FIXED|MAP_ANONYMOUS, -1, 0) = 0x7f530e68c000
close(3)                                = 0
mmap(NULL, 4096, PROT_READ|PROT_WRITE, MAP_PRIVATE|MAP_ANONYMOUS, -1, 0) = 0x7f530ecc6000
mmap(NULL, 4096, PROT_READ|PROT_WRITE, MAP_PRIVATE|MAP_ANONYMOUS, -1, 0) = 0x7f530ecc5000
mmap(NULL, 4096, PROT_READ|PROT_WRITE, MAP_PRIVATE|MAP_ANONYMOUS, -1, 0) = 0x7f530ecc4000
arch_prctl(ARCH_SET_FS, 0x7f530ecc5700) = 0
mprotect(0x7f530e686000, 16384, PROT_READ) = 0
mprotect(0x7f530e892000, 4096, PROT_READ) = 0
mprotect(0x7f530eab8000, 16384, PROT_READ) = 0
mprotect(0x6f3000, 4096, PROT_READ)     = 0
mprotect(0x7f530ece2000, 4096, PROT_READ) = 0
munmap(0x7f530ecc8000, 96553)           = 0
open("/dev/tty", O_RDWR|O_NONBLOCK)     = 3
close(3)                                = 0
brk(NULL)                               = 0x17da000
brk(0x17db000)                          = 0x17db000
open("/usr/lib/locale/locale-archive", O_RDONLY|O_CLOEXEC) = 3
fstat(3, {st_mode=S_IFREG|0644, st_size=10223104, ...}) = 0
mmap(NULL, 10223104, PROT_READ, MAP_PRIVATE, 3, 0) = 0x7f530d907000
close(3)                                = 0
brk(0x17dc000)                          = 0x17dc000
brk(0x17dd000)                          = 0x17dd000
brk(0x17de000)                          = 0x17de000
getuid()                                = 0
getgid()                                = 0
geteuid()                               = 0
getegid()                               = 0
rt_sigprocmask(SIG_BLOCK, NULL, [], 8)  = 0
brk(0x17df000)                          = 0x17df000
sysinfo({uptime=4796, loads=[19424, 19648, 14336], totalram=4143898624, freeram=2492047360, sharedram=36679680, bufferram=34258944, totalswap=4292866048, freeswap=4292866048, procs=411, totalhigh=0, freehigh=0, mem_unit=1}) = 0
brk(0x17e0000)                          = 0x17e0000
rt_sigaction(SIGCHLD, {SIG_DFL, [], SA_RESTORER|SA_RESTART, 0x7f530e2fc4a0}, {SIG_DFL, [], 0}, 8) = 0
rt_sigaction(SIGCHLD, {SIG_DFL, [], SA_RESTORER|SA_RESTART, 0x7f530e2fc4a0}, {SIG_DFL, [], SA_RESTORER|SA_RESTART, 0x7f530e2fc4a0}, 8) = 0
rt_sigaction(SIGINT, {SIG_DFL, [], SA_RESTORER, 0x7f530e2fc4a0}, {SIG_DFL, [], 0}, 8) = 0
rt_sigaction(SIGINT, {SIG_DFL, [], SA_RESTORER, 0x7f530e2fc4a0}, {SIG_DFL, [], SA_RESTORER, 0x7f530e2fc4a0}, 8) = 0
rt_sigaction(SIGQUIT, {SIG_DFL, [], SA_RESTORER, 0x7f530e2fc4a0}, {SIG_DFL, [], 0}, 8) = 0
rt_sigaction(SIGQUIT, {SIG_DFL, [], SA_RESTORER, 0x7f530e2fc4a0}, {SIG_DFL, [], SA_RESTORER, 0x7f530e2fc4a0}, 8) = 0
rt_sigprocmask(SIG_BLOCK, NULL, [], 8)  = 0
rt_sigaction(SIGQUIT, {SIG_IGN, [], SA_RESTORER, 0x7f530e2fc4a0}, {SIG_DFL, [], SA_RESTORER, 0x7f530e2fc4a0}, 8) = 0
uname({sysname="Linux", nodename="daniel", ...}) = 0
brk(0x17e1000)                          = 0x17e1000
brk(0x17e2000)                          = 0x17e2000
brk(0x17e3000)                          = 0x17e3000
stat("/home/daniel/Scripts", {st_mode=S_IFDIR|0775, st_size=4096, ...}) = 0
stat(".", {st_mode=S_IFDIR|0775, st_size=4096, ...}) = 0
getpid()                                = 5368
open("/usr/lib/x86_64-linux-gnu/gconv/gconv-modules.cache", O_RDONLY) = 3
fstat(3, {st_mode=S_IFREG|0644, st_size=26258, ...}) = 0
mmap(NULL, 26258, PROT_READ, MAP_SHARED, 3, 0) = 0x7f530ecd9000
close(3)                                = 0
brk(0x17e4000)                          = 0x17e4000
getppid()                               = 5364
brk(0x17e5000)                          = 0x17e5000
getpgrp()                               = 5348
rt_sigaction(SIGCHLD, {0x447a20, [], SA_RESTORER|SA_RESTART, 0x7f530e2fc4a0}, {SIG_DFL, [], SA_RESTORER|SA_RESTART, 0x7f530e2fc4a0}, 8) = 0
getrlimit(RLIMIT_NPROC, {rlim_cur=15656, rlim_max=15656}) = 0
brk(0x17e6000)                          = 0x17e6000
brk(0x17e7000)                          = 0x17e7000
rt_sigprocmask(SIG_BLOCK, NULL, [], 8)  = 0
open("./falst.sh", O_RDONLY)            = 3
ioctl(3, TCGETS, 0x7ffe2ad9ff20)        = -1 ENOTTY (Inappropriate ioctl for device)
lseek(3, 0, SEEK_CUR)                   = 0
read(3, "#!/bin/bash\n\tping -c 6 www.googl"..., 80) = 62
lseek(3, 0, SEEK_SET)                   = 0
getrlimit(RLIMIT_NOFILE, {rlim_cur=1024, rlim_max=64*1024}) = 0
fcntl(255, F_GETFD)                     = -1 EBADF (Bad file descriptor)
dup2(3, 255)                            = 255
close(3)                                = 0
fcntl(255, F_SETFD, FD_CLOEXEC)         = 0
fcntl(255, F_GETFL)                     = 0x8000 (flags O_RDONLY|O_LARGEFILE)
fstat(255, {st_mode=S_IFREG|0775, st_size=62, ...}) = 0
lseek(255, 0, SEEK_CUR)                 = 0
brk(0x17e8000)                          = 0x17e8000
read(255, "#!/bin/bash\n\tping -c 6 www.googl"..., 62) = 62
brk(0x17e9000)                          = 0x17e9000
stat(".", {st_mode=S_IFDIR|0775, st_size=4096, ...}) = 0
stat("/usr/local/sbin/ping", 0x7ffe2ad9fbe0) = -1 ENOENT (No such file or directory)
stat("/usr/local/bin/ping", 0x7ffe2ad9fbe0) = -1 ENOENT (No such file or directory)
stat("/usr/sbin/ping", 0x7ffe2ad9fbe0)  = -1 ENOENT (No such file or directory)
stat("/usr/bin/ping", 0x7ffe2ad9fbe0)   = -1 ENOENT (No such file or directory)
stat("/sbin/ping", 0x7ffe2ad9fbe0)      = -1 ENOENT (No such file or directory)
stat("/bin/ping", {st_mode=S_IFREG|S_ISUID|0755, st_size=44168, ...}) = 0
stat("/bin/ping", {st_mode=S_IFREG|S_ISUID|0755, st_size=44168, ...}) = 0
geteuid()                               = 0
getegid()                               = 0
getuid()                                = 0
getgid()                                = 0
access("/bin/ping", X_OK)               = 0
stat("/bin/ping", {st_mode=S_IFREG|S_ISUID|0755, st_size=44168, ...}) = 0
geteuid()                               = 0
getegid()                               = 0
getuid()                                = 0
getgid()                                = 0
access("/bin/ping", R_OK)               = 0
stat("/bin/ping", {st_mode=S_IFREG|S_ISUID|0755, st_size=44168, ...}) = 0
stat("/bin/ping", {st_mode=S_IFREG|S_ISUID|0755, st_size=44168, ...}) = 0
geteuid()                               = 0
getegid()                               = 0
getuid()                                = 0
getgid()                                = 0
access("/bin/ping", X_OK)               = 0
stat("/bin/ping", {st_mode=S_IFREG|S_ISUID|0755, st_size=44168, ...}) = 0
geteuid()                               = 0
getegid()                               = 0
getuid()                                = 0
getgid()                                = 0
access("/bin/ping", R_OK)               = 0
brk(0x17ea000)                          = 0x17ea000
rt_sigprocmask(SIG_BLOCK, [INT CHLD], [], 8) = 0
lseek(255, -23, SEEK_CUR)               = 39
clone(child_stack=0, flags=CLONE_CHILD_CLEARTID|CLONE_CHILD_SETTID|SIGCHLD, child_tidptr=0x7f530ecc59d0) = 5369
rt_sigprocmask(SIG_SETMASK, [], NULL, 8) = 0
rt_sigprocmask(SIG_BLOCK, [CHLD], [], 8) = 0
rt_sigprocmask(SIG_SETMASK, [], NULL, 8) = 0
rt_sigprocmask(SIG_BLOCK, [CHLD], [], 8) = 0
rt_sigaction(SIGINT, {0x444900, [], SA_RESTORER, 0x7f530e2fc4a0}, {SIG_DFL, [], SA_RESTORER, 0x7f530e2fc4a0}, 8) = 0
wait4(-1, strace: Process 5369 attached
 <unfinished ...>
[pid  5369] close(255)                  = 0
[pid  5369] rt_sigprocmask(SIG_SETMASK, [], NULL, 8) = 0
[pid  5369] rt_sigaction(SIGTSTP, {SIG_DFL, [], SA_RESTORER, 0x7f530e2fc4a0}, {SIG_DFL, [], 0}, 8) = 0
[pid  5369] rt_sigaction(SIGTTIN, {SIG_DFL, [], SA_RESTORER, 0x7f530e2fc4a0}, {SIG_DFL, [], 0}, 8) = 0
[pid  5369] rt_sigaction(SIGTTOU, {SIG_DFL, [], SA_RESTORER, 0x7f530e2fc4a0}, {SIG_DFL, [], 0}, 8) = 0
[pid  5369] rt_sigaction(SIGINT, {SIG_DFL, [], SA_RESTORER, 0x7f530e2fc4a0}, {SIG_DFL, [], SA_RESTORER, 0x7f530e2fc4a0}, 8) = 0
[pid  5369] rt_sigaction(SIGQUIT, {SIG_DFL, [], SA_RESTORER, 0x7f530e2fc4a0}, {SIG_IGN, [], SA_RESTORER, 0x7f530e2fc4a0}, 8) = 0
[pid  5369] rt_sigaction(SIGCHLD, {SIG_DFL, [], SA_RESTORER|SA_RESTART, 0x7f530e2fc4a0}, {0x447a20, [], SA_RESTORER|SA_RESTART, 0x7f530e2fc4a0}, 8) = 0
[pid  5369] execve("/bin/ping", ["ping", "-c", "6", "www.google.com"], [/* 29 vars */]) = 0
[pid  5369] brk(NULL)                   = 0x1a3e000
[pid  5369] access("/etc/ld.so.nohwcap", F_OK) = -1 ENOENT (No such file or directory)
[pid  5369] mmap(NULL, 8192, PROT_READ|PROT_WRITE, MAP_PRIVATE|MAP_ANONYMOUS, -1, 0) = 0x7f521d3a9000
[pid  5369] access("/etc/ld.so.preload", R_OK) = -1 ENOENT (No such file or directory)
[pid  5369] open("/etc/ld.so.cache", O_RDONLY|O_CLOEXEC) = 3
[pid  5369] fstat(3, {st_mode=S_IFREG|0644, st_size=96553, ...}) = 0
[pid  5369] mmap(NULL, 96553, PROT_READ, MAP_PRIVATE, 3, 0) = 0x7f521d391000
[pid  5369] close(3)                    = 0
[pid  5369] access("/etc/ld.so.nohwcap", F_OK) = -1 ENOENT (No such file or directory)
[pid  5369] open("/lib/x86_64-linux-gnu/libcap.so.2", O_RDONLY|O_CLOEXEC) = 3
[pid  5369] read(3, "\177ELF\2\1\1\0\0\0\0\0\0\0\0\0\3\0>\0\1\0\0\0\260\30\0\0\0\0\0\0"..., 832) = 832
[pid  5369] fstat(3, {st_mode=S_IFREG|0644, st_size=23128, ...}) = 0
[pid  5369] mmap(NULL, 2118192, PROT_READ|PROT_EXEC, MAP_PRIVATE|MAP_DENYWRITE, 3, 0) = 0x7f521cf80000
[pid  5369] mprotect(0x7f521cf84000, 2097152, PROT_NONE) = 0
[pid  5369] mmap(0x7f521d184000, 8192, PROT_READ|PROT_WRITE, MAP_PRIVATE|MAP_FIXED|MAP_DENYWRITE, 3, 0x4000) = 0x7f521d184000
[pid  5369] close(3)                    = 0
[pid  5369] access("/etc/ld.so.nohwcap", F_OK) = -1 ENOENT (No such file or directory)
[pid  5369] open("/lib/x86_64-linux-gnu/libc.so.6", O_RDONLY|O_CLOEXEC) = 3
[pid  5369] read(3, "\177ELF\2\1\1\3\0\0\0\0\0\0\0\0\3\0>\0\1\0\0\0P\t\2\0\0\0\0\0"..., 832) = 832
[pid  5369] fstat(3, {st_mode=S_IFREG|0755, st_size=1864888, ...}) = 0
[pid  5369] mmap(NULL, 3967488, PROT_READ|PROT_EXEC, MAP_PRIVATE|MAP_DENYWRITE, 3, 0) = 0x7f521cbb7000
[pid  5369] mprotect(0x7f521cd77000, 2093056, PROT_NONE) = 0
[pid  5369] mmap(0x7f521cf76000, 24576, PROT_READ|PROT_WRITE, MAP_PRIVATE|MAP_FIXED|MAP_DENYWRITE, 3, 0x1bf000) = 0x7f521cf76000
[pid  5369] mmap(0x7f521cf7c000, 14848, PROT_READ|PROT_WRITE, MAP_PRIVATE|MAP_FIXED|MAP_ANONYMOUS, -1, 0) = 0x7f521cf7c000
[pid  5369] close(3)                    = 0
[pid  5369] mmap(NULL, 4096, PROT_READ|PROT_WRITE, MAP_PRIVATE|MAP_ANONYMOUS, -1, 0) = 0x7f521d390000
[pid  5369] mmap(NULL, 4096, PROT_READ|PROT_WRITE, MAP_PRIVATE|MAP_ANONYMOUS, -1, 0) = 0x7f521d38f000
[pid  5369] mmap(NULL, 4096, PROT_READ|PROT_WRITE, MAP_PRIVATE|MAP_ANONYMOUS, -1, 0) = 0x7f521d38e000
[pid  5369] arch_prctl(ARCH_SET_FS, 0x7f521d38f700) = 0
[pid  5369] mprotect(0x7f521cf76000, 16384, PROT_READ) = 0
[pid  5369] mprotect(0x7f521d184000, 4096, PROT_READ) = 0
[pid  5369] mprotect(0x609000, 4096, PROT_READ) = 0
[pid  5369] mprotect(0x7f521d3ab000, 4096, PROT_READ) = 0
[pid  5369] munmap(0x7f521d391000, 96553) = 0
[pid  5369] brk(NULL)                   = 0x1a3e000
[pid  5369] brk(0x1a5f000)              = 0x1a5f000
[pid  5369] capget({_LINUX_CAPABILITY_VERSION_3, 0}, NULL) = 0
[pid  5369] capget({_LINUX_CAPABILITY_VERSION_3, 0}, {CAP_CHOWN|CAP_DAC_OVERRIDE|CAP_DAC_READ_SEARCH|CAP_FOWNER|CAP_FSETID|CAP_KILL|CAP_SETGID|CAP_SETUID|CAP_SETPCAP|CAP_LINUX_IMMUTABLE|CAP_NET_BIND_SERVICE|CAP_NET_BROADCAST|CAP_NET_ADMIN|CAP_NET_RAW|CAP_IPC_LOCK|CAP_IPC_OWNER|CAP_SYS_MODULE|CAP_SYS_RAWIO|CAP_SYS_CHROOT|CAP_SYS_PTRACE|CAP_SYS_PACCT|CAP_SYS_ADMIN|CAP_SYS_BOOT|CAP_SYS_NICE|CAP_SYS_RESOURCE|CAP_SYS_TIME|CAP_SYS_TTY_CONFIG|CAP_MKNOD|CAP_LEASE|CAP_AUDIT_WRITE|CAP_AUDIT_CONTROL|CAP_SETFCAP|CAP_MAC_OVERRIDE|CAP_MAC_ADMIN|CAP_SYSLOG|CAP_WAKE_ALARM|CAP_BLOCK_SUSPEND|CAP_AUDIT_READ, CAP_CHOWN|CAP_DAC_OVERRIDE|CAP_DAC_READ_SEARCH|CAP_FOWNER|CAP_FSETID|CAP_KILL|CAP_SETGID|CAP_SETUID|CAP_SETPCAP|CAP_LINUX_IMMUTABLE|CAP_NET_BIND_SERVICE|CAP_NET_BROADCAST|CAP_NET_ADMIN|CAP_NET_RAW|CAP_IPC_LOCK|CAP_IPC_OWNER|CAP_SYS_MODULE|CAP_SYS_RAWIO|CAP_SYS_CHROOT|CAP_SYS_PTRACE|CAP_SYS_PACCT|CAP_SYS_ADMIN|CAP_SYS_BOOT|CAP_SYS_NICE|CAP_SYS_RESOURCE|CAP_SYS_TIME|CAP_SYS_TTY_CONFIG|CAP_MKNOD|CAP_LEASE|CAP_AUDIT_WRITE|CAP_AUDIT_CONTROL|CAP_SETFCAP|CAP_MAC_OVERRIDE|CAP_MAC_ADMIN|CAP_SYSLOG|CAP_WAKE_ALARM|CAP_BLOCK_SUSPEND|CAP_AUDIT_READ, 0}) = 0
[pid  5369] capget({_LINUX_CAPABILITY_VERSION_3, 0}, NULL) = 0
[pid  5369] capset({_LINUX_CAPABILITY_VERSION_3, 0}, {0, CAP_NET_ADMIN|CAP_NET_RAW, 0}) = 0
[pid  5369] prctl(PR_SET_KEEPCAPS, 1)   = 0
[pid  5369] getuid()                    = 0
[pid  5369] setuid(0)                   = 0
[pid  5369] prctl(PR_SET_KEEPCAPS, 0)   = 0
[pid  5369] getuid()                    = 0
[pid  5369] geteuid()                   = 0
[pid  5369] capget({_LINUX_CAPABILITY_VERSION_3, 0}, NULL) = 0
[pid  5369] capget({_LINUX_CAPABILITY_VERSION_3, 0}, {0, CAP_NET_ADMIN|CAP_NET_RAW, 0}) = 0
[pid  5369] capset({_LINUX_CAPABILITY_VERSION_3, 0}, {CAP_NET_RAW, CAP_NET_ADMIN|CAP_NET_RAW, 0}) = 0
[pid  5369] socket(PF_INET, SOCK_RAW, IPPROTO_ICMP) = 3
[pid  5369] capget({_LINUX_CAPABILITY_VERSION_3, 0}, NULL) = 0
[pid  5369] capget({_LINUX_CAPABILITY_VERSION_3, 0}, {CAP_NET_RAW, CAP_NET_ADMIN|CAP_NET_RAW, 0}) = 0
[pid  5369] capset({_LINUX_CAPABILITY_VERSION_3, 0}, {0, CAP_NET_ADMIN|CAP_NET_RAW, 0}) = 0
[pid  5369] getpid()                    = 5369
[pid  5369] open("/etc/resolv.conf", O_RDONLY|O_CLOEXEC) = 4
[pid  5369] fstat(4, {st_mode=S_IFREG|0644, st_size=194, ...}) = 0
[pid  5369] read(4, "# Dynamic resolv.conf(5) file fo"..., 4096) = 194
[pid  5369] read(4, "", 4096)           = 0
[pid  5369] close(4)                    = 0
[pid  5369] stat("/etc/resolv.conf", {st_mode=S_IFREG|0644, st_size=194, ...}) = 0
[pid  5369] open("/etc/resolv.conf", O_RDONLY|O_CLOEXEC) = 4
[pid  5369] fstat(4, {st_mode=S_IFREG|0644, st_size=194, ...}) = 0
[pid  5369] read(4, "# Dynamic resolv.conf(5) file fo"..., 4096) = 194
[pid  5369] read(4, "", 4096)           = 0
[pid  5369] close(4)                    = 0
[pid  5369] socket(PF_LOCAL, SOCK_STREAM|SOCK_CLOEXEC|SOCK_NONBLOCK, 0) = 4
[pid  5369] connect(4, {sa_family=AF_LOCAL, sun_path="/var/run/nscd/socket"}, 110) = -1 ENOENT (No such file or directory)
[pid  5369] close(4)                    = 0
[pid  5369] socket(PF_LOCAL, SOCK_STREAM|SOCK_CLOEXEC|SOCK_NONBLOCK, 0) = 4
[pid  5369] connect(4, {sa_family=AF_LOCAL, sun_path="/var/run/nscd/socket"}, 110) = -1 ENOENT (No such file or directory)
[pid  5369] close(4)                    = 0
[pid  5369] open("/etc/nsswitch.conf", O_RDONLY|O_CLOEXEC) = 4
[pid  5369] fstat(4, {st_mode=S_IFREG|0644, st_size=529, ...}) = 0
[pid  5369] read(4, "# /etc/nsswitch.conf\n#\n# Example"..., 4096) = 529
[pid  5369] read(4, "", 4096)           = 0
[pid  5369] close(4)                    = 0
[pid  5369] open("/etc/ld.so.cache", O_RDONLY|O_CLOEXEC) = 4
[pid  5369] fstat(4, {st_mode=S_IFREG|0644, st_size=96553, ...}) = 0
[pid  5369] mmap(NULL, 96553, PROT_READ, MAP_PRIVATE, 4, 0) = 0x7f521d391000
[pid  5369] close(4)                    = 0
[pid  5369] access("/etc/ld.so.nohwcap", F_OK) = -1 ENOENT (No such file or directory)
[pid  5369] open("/lib/x86_64-linux-gnu/libnss_files.so.2", O_RDONLY|O_CLOEXEC) = 4
[pid  5369] read(4, "\177ELF\2\1\1\0\0\0\0\0\0\0\0\0\3\0>\0\1\0\0\0\260!\0\0\0\0\0\0"..., 832) = 832
[pid  5369] fstat(4, {st_mode=S_IFREG|0644, st_size=47600, ...}) = 0
[pid  5369] mmap(NULL, 2168600, PROT_READ|PROT_EXEC, MAP_PRIVATE|MAP_DENYWRITE, 4, 0) = 0x7f521c9a5000
[pid  5369] mprotect(0x7f521c9b0000, 2093056, PROT_NONE) = 0
[pid  5369] mmap(0x7f521cbaf000, 8192, PROT_READ|PROT_WRITE, MAP_PRIVATE|MAP_FIXED|MAP_DENYWRITE, 4, 0xa000) = 0x7f521cbaf000
[pid  5369] mmap(0x7f521cbb1000, 22296, PROT_READ|PROT_WRITE, MAP_PRIVATE|MAP_FIXED|MAP_ANONYMOUS, -1, 0) = 0x7f521cbb1000
[pid  5369] close(4)                    = 0
[pid  5369] mprotect(0x7f521cbaf000, 4096, PROT_READ) = 0
[pid  5369] munmap(0x7f521d391000, 96553) = 0
[pid  5369] open("/etc/host.conf", O_RDONLY|O_CLOEXEC) = 4
[pid  5369] fstat(4, {st_mode=S_IFREG|0644, st_size=92, ...}) = 0
[pid  5369] read(4, "# The \"order\" line is only used "..., 4096) = 92
[pid  5369] read(4, "", 4096)           = 0
[pid  5369] close(4)                    = 0
[pid  5369] open("/etc/hosts", O_RDONLY|O_CLOEXEC) = 4
[pid  5369] fstat(4, {st_mode=S_IFREG|0644, st_size=221, ...}) = 0
[pid  5369] read(4, "127.0.0.1\tlocalhost\n127.0.1.1\tda"..., 4096) = 221
[pid  5369] read(4, "", 4096)           = 0
[pid  5369] close(4)                    = 0
[pid  5369] open("/etc/ld.so.cache", O_RDONLY|O_CLOEXEC) = 4
[pid  5369] fstat(4, {st_mode=S_IFREG|0644, st_size=96553, ...}) = 0
[pid  5369] mmap(NULL, 96553, PROT_READ, MAP_PRIVATE, 4, 0) = 0x7f521d391000
[pid  5369] close(4)                    = 0
[pid  5369] access("/etc/ld.so.nohwcap", F_OK) = -1 ENOENT (No such file or directory)
[pid  5369] open("/lib/x86_64-linux-gnu/libnss_mdns4_minimal.so.2", O_RDONLY|O_CLOEXEC) = 4
[pid  5369] read(4, "\177ELF\2\1\1\0\0\0\0\0\0\0\0\0\3\0>\0\1\0\0\0\320\v\0\0\0\0\0\0"..., 832) = 832
[pid  5369] fstat(4, {st_mode=S_IFREG|0644, st_size=10480, ...}) = 0
[pid  5369] mmap(NULL, 2105544, PROT_READ|PROT_EXEC, MAP_PRIVATE|MAP_DENYWRITE, 4, 0) = 0x7f521c7a2000
[pid  5369] mprotect(0x7f521c7a4000, 2093056, PROT_NONE) = 0
[pid  5369] mmap(0x7f521c9a3000, 8192, PROT_READ|PROT_WRITE, MAP_PRIVATE|MAP_FIXED|MAP_DENYWRITE, 4, 0x1000) = 0x7f521c9a3000
[pid  5369] close(4)                    = 0
[pid  5369] mprotect(0x7f521c9a3000, 4096, PROT_READ) = 0
[pid  5369] munmap(0x7f521d391000, 96553) = 0
[pid  5369] open("/etc/ld.so.cache", O_RDONLY|O_CLOEXEC) = 4
[pid  5369] fstat(4, {st_mode=S_IFREG|0644, st_size=96553, ...}) = 0
[pid  5369] mmap(NULL, 96553, PROT_READ, MAP_PRIVATE, 4, 0) = 0x7f521d391000
[pid  5369] close(4)                    = 0
[pid  5369] access("/etc/ld.so.nohwcap", F_OK) = -1 ENOENT (No such file or directory)
[pid  5369] open("/lib/x86_64-linux-gnu/libnss_dns.so.2", O_RDONLY|O_CLOEXEC) = 4
[pid  5369] read(4, "\177ELF\2\1\1\0\0\0\0\0\0\0\0\0\3\0>\0\1\0\0\0 \20\0\0\0\0\0\0"..., 832) = 832
[pid  5369] fstat(4, {st_mode=S_IFREG|0644, st_size=27016, ...}) = 0
[pid  5369] mmap(NULL, 2121960, PROT_READ|PROT_EXEC, MAP_PRIVATE|MAP_DENYWRITE, 4, 0) = 0x7f521c59b000
[pid  5369] mprotect(0x7f521c5a0000, 2097152, PROT_NONE) = 0
[pid  5369] mmap(0x7f521c7a0000, 8192, PROT_READ|PROT_WRITE, MAP_PRIVATE|MAP_FIXED|MAP_DENYWRITE, 4, 0x5000) = 0x7f521c7a0000
[pid  5369] close(4)                    = 0
[pid  5369] access("/etc/ld.so.nohwcap", F_OK) = -1 ENOENT (No such file or directory)
[pid  5369] open("/lib/x86_64-linux-gnu/libresolv.so.2", O_RDONLY|O_CLOEXEC) = 4
[pid  5369] read(4, "\177ELF\2\1\1\0\0\0\0\0\0\0\0\0\3\0>\0\1\0\0\0\2209\0\0\0\0\0\0"..., 832) = 832
[pid  5369] fstat(4, {st_mode=S_IFREG|0644, st_size=101200, ...}) = 0
[pid  5369] mmap(NULL, 2206280, PROT_READ|PROT_EXEC, MAP_PRIVATE|MAP_DENYWRITE, 4, 0) = 0x7f521c380000
[pid  5369] mprotect(0x7f521c397000, 2097152, PROT_NONE) = 0
[pid  5369] mmap(0x7f521c597000, 8192, PROT_READ|PROT_WRITE, MAP_PRIVATE|MAP_FIXED|MAP_DENYWRITE, 4, 0x17000) = 0x7f521c597000
[pid  5369] mmap(0x7f521c599000, 6728, PROT_READ|PROT_WRITE, MAP_PRIVATE|MAP_FIXED|MAP_ANONYMOUS, -1, 0) = 0x7f521c599000
[pid  5369] close(4)                    = 0
[pid  5369] mprotect(0x7f521c597000, 4096, PROT_READ) = 0
[pid  5369] mprotect(0x7f521c7a0000, 4096, PROT_READ) = 0
[pid  5369] munmap(0x7f521d391000, 96553) = 0
[pid  5369] stat("/etc/resolv.conf", {st_mode=S_IFREG|0644, st_size=194, ...}) = 0
[pid  5369] socket(PF_INET, SOCK_DGRAM|SOCK_NONBLOCK, IPPROTO_IP) = 4
[pid  5369] connect(4, {sa_family=AF_INET, sin_port=htons(53), sin_addr=inet_addr("127.0.1.1")}, 16) = 0
[pid  5369] poll([{fd=4, events=POLLOUT}], 1, 0) = 1 ([{fd=4, revents=POLLOUT}])
[pid  5369] sendto(4, "\215\363\1\0\0\1\0\0\0\0\0\0\3www\6google\3com\0\0\1\0\1", 32, MSG_NOSIGNAL, NULL, 0) = 32
[pid  5369] poll([{fd=4, events=POLLIN}], 1, 5000) = 1 ([{fd=4, revents=POLLIN}])
[pid  5369] ioctl(4, FIONREAD, [184])   = 0
[pid  5369] recvfrom(4, "\215\363\201\200\0\1\0\1\0\4\0\4\3www\6google\3com\0\0\1\0\1"..., 1024, 0, {sa_family=AF_INET, sin_port=htons(53), sin_addr=inet_addr("127.0.1.1")}, [16]) = 184
[pid  5369] close(4)                    = 0
[pid  5369] socket(PF_INET, SOCK_DGRAM, IPPROTO_IP) = 4
[pid  5369] connect(4, {sa_family=AF_INET, sin_port=htons(1025), sin_addr=inet_addr("216.58.194.164")}, 16) = 0
[pid  5369] getsockname(4, {sa_family=AF_INET, sin_port=htons(42210), sin_addr=inet_addr("10.0.2.15")}, [16]) = 0
[pid  5369] close(4)                    = 0
[pid  5369] setsockopt(3, SOL_RAW, ICMP_FILTER, ~(ICMP_ECHOREPLY|ICMP_DEST_UNREACH|ICMP_SOURCE_QUENCH|ICMP_REDIRECT|ICMP_TIME_EXCEEDED|ICMP_PARAMETERPROB), 4) = 0
[pid  5369] setsockopt(3, SOL_IP, IP_RECVERR, [1], 4) = 0
[pid  5369] setsockopt(3, SOL_SOCKET, SO_SNDBUF, [324], 4) = 0
[pid  5369] setsockopt(3, SOL_SOCKET, SO_RCVBUF, [65536], 4) = 0
[pid  5369] getsockopt(3, SOL_SOCKET, SO_RCVBUF, [131072], [4]) = 0
[pid  5369] fstat(1, {st_mode=S_IFREG|0644, st_size=0, ...}) = 0
[pid  5369] setsockopt(3, SOL_SOCKET, SO_TIMESTAMP, [1], 4) = 0
[pid  5369] setsockopt(3, SOL_SOCKET, SO_SNDTIMEO, "\1\0\0\0\0\0\0\0\0\0\0\0\0\0\0\0", 16) = 0
[pid  5369] setsockopt(3, SOL_SOCKET, SO_RCVTIMEO, "\1\0\0\0\0\0\0\0\0\0\0\0\0\0\0\0", 16) = 0
[pid  5369] rt_sigaction(SIGINT, {0x4043c0, [], SA_RESTORER|SA_INTERRUPT, 0x7f521cbec4a0}, NULL, 8) = 0
[pid  5369] rt_sigaction(SIGALRM, {0x4043c0, [], SA_RESTORER|SA_INTERRUPT, 0x7f521cbec4a0}, NULL, 8) = 0
[pid  5369] rt_sigaction(SIGQUIT, {0x4043b0, [], SA_RESTORER|SA_INTERRUPT, 0x7f521cbec4a0}, NULL, 8) = 0
[pid  5369] rt_sigprocmask(SIG_SETMASK, [], NULL, 8) = 0
[pid  5369] ioctl(1, TCGETS, 0x7ffe88020890) = -1 ENOTTY (Inappropriate ioctl for device)
[pid  5369] sendmsg(3, {msg_name(16)={sa_family=AF_INET, sin_port=htons(0), sin_addr=inet_addr("216.58.194.164")}, msg_iov(1)=[{"\10\0]|\24\371\0\1\310\323\301W\0\0\0\0006\213\6\0\0\0\0\0\20\21\22\23\24\25\26\27"..., 64}], msg_controllen=0, msg_flags=0}, 0) = 64
[pid  5369] recvmsg(3, {msg_name(16)={sa_family=AF_INET, sin_port=htons(0), sin_addr=inet_addr("216.58.194.164")}, msg_iov(1)=[{"E\0\0T\6\234@\0?\1\216\37\330:\302\244\n\0\2\17\0\0e|\24\371\0\1\310\323\301W"..., 192}], msg_controllen=32, [{cmsg_len=32, cmsg_level=SOL_SOCKET, cmsg_type=0x1d /* SCM_??? */}], msg_flags=0}, 0) = 84
[pid  5369] stat("/etc/resolv.conf", {st_mode=S_IFREG|0644, st_size=194, ...}) = 0
[pid  5369] open("/etc/hosts", O_RDONLY|O_CLOEXEC) = 4
[pid  5369] fstat(4, {st_mode=S_IFREG|0644, st_size=221, ...}) = 0
[pid  5369] read(4, "127.0.0.1\tlocalhost\n127.0.1.1\tda"..., 4096) = 221
[pid  5369] read(4, "", 4096)           = 0
[pid  5369] close(4)                    = 0
[pid  5369] stat("/etc/resolv.conf", {st_mode=S_IFREG|0644, st_size=194, ...}) = 0
[pid  5369] socket(PF_INET, SOCK_DGRAM|SOCK_NONBLOCK, IPPROTO_IP) = 4
[pid  5369] connect(4, {sa_family=AF_INET, sin_port=htons(53), sin_addr=inet_addr("127.0.1.1")}, 16) = 0
[pid  5369] poll([{fd=4, events=POLLOUT}], 1, 0) = 1 ([{fd=4, revents=POLLOUT}])
[pid  5369] sendto(4, "\325D\1\0\0\1\0\0\0\0\0\0\003164\003194\00258\003216\7in-a"..., 45, MSG_NOSIGNAL, NULL, 0) = 45
[pid  5369] poll([{fd=4, events=POLLIN}], 1, 5000) = 1 ([{fd=4, revents=POLLIN}])
[pid  5369] ioctl(4, FIONREAD, [260])   = 0
[pid  5369] recvfrom(4, "\325D\201\200\0\1\0\2\0\4\0\4\003164\003194\00258\003216\7in-a"..., 1024, 0, {sa_family=AF_INET, sin_port=htons(53), sin_addr=inet_addr("127.0.1.1")}, [16]) = 260
[pid  5369] close(4)                    = 0
[pid  5369] write(1, "PING www.google.com (216.58.194."..., 146) = 146
[pid  5369] poll([{fd=3, events=POLLIN|POLLERR}], 1, 518) = 0 (Timeout)
[pid  5369] sendmsg(3, {msg_name(16)={sa_family=AF_INET, sin_port=htons(0), sin_addr=inet_addr("216.58.194.164")}, msg_iov(1)=[{"\10\0\336n\24\371\0\2\311\323\301W\0\0\0\0\264\227\6\0\0\0\0\0\20\21\22\23\24\25\26\27"..., 64}], msg_controllen=0, msg_flags=0}, MSG_CONFIRM) = 64
[pid  5369] recvmsg(3, {msg_name(16)={sa_family=AF_INET, sin_port=htons(0), sin_addr=inet_addr("216.58.194.164")}, msg_iov(1)=[{"E\0\0T\6\236@\0?\1\216\35\330:\302\244\n\0\2\17\0\0\346n\24\371\0\2\311\323\301W"..., 192}], msg_controllen=32, [{cmsg_len=32, cmsg_level=SOL_SOCKET, cmsg_type=0x1d /* SCM_??? */}], msg_flags=0}, 0) = 84
[pid  5369] write(1, "64 bytes from sfo07s13-in-f4.1e1"..., 87) = 87
[pid  5369] poll([{fd=3, events=POLLIN|POLLERR}], 1, 764) = 0 (Timeout)
[pid  5369] sendmsg(3, {msg_name(16)={sa_family=AF_INET, sin_port=htons(0), sin_addr=inet_addr("216.58.194.164")}, msg_iov(1)=[{"\10\0\"d\24\371\0\3\312\323\301W\0\0\0\0o\241\6\0\0\0\0\0\20\21\22\23\24\25\26\27"..., 64}], msg_controllen=0, msg_flags=0}, MSG_CONFIRM) = 64
[pid  5369] recvmsg(3, {msg_name(16)={sa_family=AF_INET, sin_port=htons(0), sin_addr=inet_addr("216.58.194.164")}, msg_iov(1)=[{"E\0\0T\6\237@\0?\1\216\34\330:\302\244\n\0\2\17\0\0*d\24\371\0\3\312\323\301W"..., 192}], msg_controllen=32, [{cmsg_len=32, cmsg_level=SOL_SOCKET, cmsg_type=0x1d /* SCM_??? */}], msg_flags=0}, 0) = 84
[pid  5369] write(1, "64 bytes from sfo07s13-in-f4.1e1"..., 87) = 87
[pid  5369] poll([{fd=3, events=POLLIN|POLLERR}], 1, 761) = 0 (Timeout)
[pid  5369] sendmsg(3, {msg_name(16)={sa_family=AF_INET, sin_port=htons(0), sin_addr=inet_addr("216.58.194.164")}, msg_iov(1)=[{"\10\0\270T\24\371\0\4\313\323\301W\0\0\0\0\330\257\6\0\0\0\0\0\20\21\22\23\24\25\26\27"..., 64}], msg_controllen=0, msg_flags=0}, MSG_CONFIRM) = 64
[pid  5369] recvmsg(3, {msg_name(16)={sa_family=AF_INET, sin_port=htons(0), sin_addr=inet_addr("216.58.194.164")}, msg_iov(1)=[{"E\0\0T\6\240@\0?\1\216\33\330:\302\244\n\0\2\17\0\0\300T\24\371\0\4\313\323\301W"..., 192}], msg_controllen=32, [{cmsg_len=32, cmsg_level=SOL_SOCKET, cmsg_type=0x1d /* SCM_??? */}], msg_flags=0}, 0) = 84
[pid  5369] write(1, "64 bytes from sfo07s13-in-f4.1e1"..., 87) = 87
[pid  5369] poll([{fd=3, events=POLLIN|POLLERR}], 1, 764) = 0 (Timeout)
[pid  5369] sendmsg(3, {msg_name(16)={sa_family=AF_INET, sin_port=htons(0), sin_addr=inet_addr("216.58.194.164")}, msg_iov(1)=[{"\10\0tI\24\371\0\5\314\323\301W\0\0\0\0\33\272\6\0\0\0\0\0\20\21\22\23\24\25\26\27"..., 64}], msg_controllen=0, msg_flags=0}, MSG_CONFIRM) = 64
[pid  5369] recvmsg(3, {msg_name(16)={sa_family=AF_INET, sin_port=htons(0), sin_addr=inet_addr("216.58.194.164")}, msg_iov(1)=[{"E\0\0T\6\241@\0?\1\216\32\330:\302\244\n\0\2\17\0\0|I\24\371\0\5\314\323\301W"..., 192}], msg_controllen=32, [{cmsg_len=32, cmsg_level=SOL_SOCKET, cmsg_type=0x1d /* SCM_??? */}], msg_flags=0}, 0) = 84
[pid  5369] write(1, "64 bytes from sfo07s13-in-f4.1e1"..., 87) = 87
[pid  5369] poll([{fd=3, events=POLLIN|POLLERR}], 1, 762) = 0 (Timeout)
[pid  5369] sendmsg(3, {msg_name(16)={sa_family=AF_INET, sin_port=htons(0), sin_addr=inet_addr("216.58.194.164")}, msg_iov(1)=[{"\10\0\234>\24\371\0\6\315\323\301W\0\0\0\0\362\303\6\0\0\0\0\0\20\21\22\23\24\25\26\27"..., 64}], msg_controllen=0, msg_flags=0}, MSG_CONFIRM) = 64
[pid  5369] setitimer(ITIMER_REAL, {it_interval={0, 0}, it_value={1, 0}}, NULL) = 0
[pid  5369] recvmsg(3, {msg_name(16)={sa_family=AF_INET, sin_port=htons(0), sin_addr=inet_addr("216.58.194.164")}, msg_iov(1)=[{"E\0\0T\6\242@\0?\1\216\31\330:\302\244\n\0\2\17\0\0\244>\24\371\0\6\315\323\301W"..., 192}], msg_controllen=32, [{cmsg_len=32, cmsg_level=SOL_SOCKET, cmsg_type=0x1d /* SCM_??? */}], msg_flags=0}, 0) = 84
[pid  5369] write(1, "64 bytes from sfo07s13-in-f4.1e1"..., 87) = 87
[pid  5369] write(1, "\n", 1)           = 1
[pid  5369] write(1, "--- www.google.com ping statisti"..., 158) = 158
[pid  5369] exit_group(0)               = ?
[pid  5369] +++ exited with 0 +++
<... wait4 resumed> [{WIFEXITED(s) && WEXITSTATUS(s) == 0}], 0, NULL) = 5369
rt_sigaction(SIGINT, {SIG_DFL, [], SA_RESTORER, 0x7f530e2fc4a0}, {0x444900, [], SA_RESTORER, 0x7f530e2fc4a0}, 8) = 0
rt_sigprocmask(SIG_SETMASK, [], NULL, 8) = 0
--- SIGCHLD {si_signo=SIGCHLD, si_code=CLD_EXITED, si_pid=5369, si_uid=0, si_status=0, si_utime=0, si_stime=0} ---
wait4(-1, 0x7ffe2ad9f710, WNOHANG, NULL) = -1 ECHILD (No child processes)
rt_sigreturn({mask=[]})                 = 0
read(255, "\techo \"ERRORS\"\n\nexit 1\n", 62) = 23
write(1, "ERRORS\n", 7)                 = 7
rt_sigprocmask(SIG_BLOCK, [CHLD], [], 8) = 0
rt_sigprocmask(SIG_SETMASK, [], NULL, 8) = 0
exit_group(1)                           = ?
+++ exited with 1 +++
