execve("./falst.sh", ["./falst.sh"], [/* 29 vars */]) = 0
brk(NULL)                               = 0x8eb000
access("/etc/ld.so.nohwcap", F_OK)      = -1 ENOENT (No such file or directory)
mmap(NULL, 8192, PROT_READ|PROT_WRITE, MAP_PRIVATE|MAP_ANONYMOUS, -1, 0) = 0x7fc030388000
access("/etc/ld.so.preload", R_OK)      = -1 ENOENT (No such file or directory)
open("/etc/ld.so.cache", O_RDONLY|O_CLOEXEC) = 3
fstat(3, {st_mode=S_IFREG|0644, st_size=96553, ...}) = 0
mmap(NULL, 96553, PROT_READ, MAP_PRIVATE, 3, 0) = 0x7fc030370000
close(3)                                = 0
access("/etc/ld.so.nohwcap", F_OK)      = -1 ENOENT (No such file or directory)
open("/lib/x86_64-linux-gnu/libtinfo.so.5", O_RDONLY|O_CLOEXEC) = 3
read(3, "\177ELF\2\1\1\0\0\0\0\0\0\0\0\0\3\0>\0\1\0\0\0p\310\0\0\0\0\0\0"..., 832) = 832
fstat(3, {st_mode=S_IFREG|0644, st_size=167240, ...}) = 0
mmap(NULL, 2264256, PROT_READ|PROT_EXEC, MAP_PRIVATE|MAP_DENYWRITE, 3, 0) = 0x7fc02ff3c000
mprotect(0x7fc02ff61000, 2093056, PROT_NONE) = 0
mmap(0x7fc030160000, 20480, PROT_READ|PROT_WRITE, MAP_PRIVATE|MAP_FIXED|MAP_DENYWRITE, 3, 0x24000) = 0x7fc030160000
close(3)                                = 0
access("/etc/ld.so.nohwcap", F_OK)      = -1 ENOENT (No such file or directory)
open("/lib/x86_64-linux-gnu/libdl.so.2", O_RDONLY|O_CLOEXEC) = 3
read(3, "\177ELF\2\1\1\0\0\0\0\0\0\0\0\0\3\0>\0\1\0\0\0\240\r\0\0\0\0\0\0"..., 832) = 832
fstat(3, {st_mode=S_IFREG|0644, st_size=14608, ...}) = 0
mmap(NULL, 2109680, PROT_READ|PROT_EXEC, MAP_PRIVATE|MAP_DENYWRITE, 3, 0) = 0x7fc02fd38000
mprotect(0x7fc02fd3b000, 2093056, PROT_NONE) = 0
mmap(0x7fc02ff3a000, 8192, PROT_READ|PROT_WRITE, MAP_PRIVATE|MAP_FIXED|MAP_DENYWRITE, 3, 0x2000) = 0x7fc02ff3a000
close(3)                                = 0
access("/etc/ld.so.nohwcap", F_OK)      = -1 ENOENT (No such file or directory)
open("/lib/x86_64-linux-gnu/libc.so.6", O_RDONLY|O_CLOEXEC) = 3
read(3, "\177ELF\2\1\1\3\0\0\0\0\0\0\0\0\3\0>\0\1\0\0\0P\t\2\0\0\0\0\0"..., 832) = 832
fstat(3, {st_mode=S_IFREG|0755, st_size=1864888, ...}) = 0
mmap(NULL, 4096, PROT_READ|PROT_WRITE, MAP_PRIVATE|MAP_ANONYMOUS, -1, 0) = 0x7fc03036f000
mmap(NULL, 3967488, PROT_READ|PROT_EXEC, MAP_PRIVATE|MAP_DENYWRITE, 3, 0) = 0x7fc02f96f000
mprotect(0x7fc02fb2f000, 2093056, PROT_NONE) = 0
mmap(0x7fc02fd2e000, 24576, PROT_READ|PROT_WRITE, MAP_PRIVATE|MAP_FIXED|MAP_DENYWRITE, 3, 0x1bf000) = 0x7fc02fd2e000
mmap(0x7fc02fd34000, 14848, PROT_READ|PROT_WRITE, MAP_PRIVATE|MAP_FIXED|MAP_ANONYMOUS, -1, 0) = 0x7fc02fd34000
close(3)                                = 0
mmap(NULL, 4096, PROT_READ|PROT_WRITE, MAP_PRIVATE|MAP_ANONYMOUS, -1, 0) = 0x7fc03036e000
mmap(NULL, 4096, PROT_READ|PROT_WRITE, MAP_PRIVATE|MAP_ANONYMOUS, -1, 0) = 0x7fc03036d000
mmap(NULL, 4096, PROT_READ|PROT_WRITE, MAP_PRIVATE|MAP_ANONYMOUS, -1, 0) = 0x7fc03036c000
arch_prctl(ARCH_SET_FS, 0x7fc03036d700) = 0
mprotect(0x7fc02fd2e000, 16384, PROT_READ) = 0
mprotect(0x7fc02ff3a000, 4096, PROT_READ) = 0
mprotect(0x7fc030160000, 16384, PROT_READ) = 0
mprotect(0x6f3000, 4096, PROT_READ)     = 0
mprotect(0x7fc03038a000, 4096, PROT_READ) = 0
munmap(0x7fc030370000, 96553)           = 0
open("/dev/tty", O_RDWR|O_NONBLOCK)     = 3
close(3)                                = 0
brk(NULL)                               = 0x8eb000
brk(0x8ec000)                           = 0x8ec000
open("/usr/lib/locale/locale-archive", O_RDONLY|O_CLOEXEC) = 3
fstat(3, {st_mode=S_IFREG|0644, st_size=10223104, ...}) = 0
mmap(NULL, 10223104, PROT_READ, MAP_PRIVATE, 3, 0) = 0x7fc02efaf000
close(3)                                = 0
brk(0x8ed000)                           = 0x8ed000
brk(0x8ee000)                           = 0x8ee000
brk(0x8ef000)                           = 0x8ef000
getuid()                                = 0
getgid()                                = 0
geteuid()                               = 0
getegid()                               = 0
rt_sigprocmask(SIG_BLOCK, NULL, [], 8)  = 0
brk(0x8f0000)                           = 0x8f0000
sysinfo({uptime=11851, loads=[8256, 11488, 10144], totalram=4143898624, freeram=2046894080, sharedram=44310528, bufferram=46579712, totalswap=4292866048, freeswap=4292866048, procs=434, totalhigh=0, freehigh=0, mem_unit=1}) = 0
brk(0x8f1000)                           = 0x8f1000
rt_sigaction(SIGCHLD, {SIG_DFL, [], SA_RESTORER|SA_RESTART, 0x7fc02f9a44a0}, {SIG_DFL, [], 0}, 8) = 0
rt_sigaction(SIGCHLD, {SIG_DFL, [], SA_RESTORER|SA_RESTART, 0x7fc02f9a44a0}, {SIG_DFL, [], SA_RESTORER|SA_RESTART, 0x7fc02f9a44a0}, 8) = 0
rt_sigaction(SIGINT, {SIG_DFL, [], SA_RESTORER, 0x7fc02f9a44a0}, {SIG_DFL, [], 0}, 8) = 0
rt_sigaction(SIGINT, {SIG_DFL, [], SA_RESTORER, 0x7fc02f9a44a0}, {SIG_DFL, [], SA_RESTORER, 0x7fc02f9a44a0}, 8) = 0
rt_sigaction(SIGQUIT, {SIG_DFL, [], SA_RESTORER, 0x7fc02f9a44a0}, {SIG_DFL, [], 0}, 8) = 0
rt_sigaction(SIGQUIT, {SIG_DFL, [], SA_RESTORER, 0x7fc02f9a44a0}, {SIG_DFL, [], SA_RESTORER, 0x7fc02f9a44a0}, 8) = 0
rt_sigprocmask(SIG_BLOCK, NULL, [], 8)  = 0
rt_sigaction(SIGQUIT, {SIG_IGN, [], SA_RESTORER, 0x7fc02f9a44a0}, {SIG_DFL, [], SA_RESTORER, 0x7fc02f9a44a0}, 8) = 0
uname({sysname="Linux", nodename="daniel", ...}) = 0
brk(0x8f2000)                           = 0x8f2000
brk(0x8f3000)                           = 0x8f3000
brk(0x8f4000)                           = 0x8f4000
stat("/home/daniel/Scripts", {st_mode=S_IFDIR|0775, st_size=4096, ...}) = 0
stat(".", {st_mode=S_IFDIR|0775, st_size=4096, ...}) = 0
getpid()                                = 6443
open("/usr/lib/x86_64-linux-gnu/gconv/gconv-modules.cache", O_RDONLY) = 3
fstat(3, {st_mode=S_IFREG|0644, st_size=26258, ...}) = 0
mmap(NULL, 26258, PROT_READ, MAP_SHARED, 3, 0) = 0x7fc030381000
close(3)                                = 0
brk(0x8f5000)                           = 0x8f5000
getppid()                               = 6440
brk(0x8f6000)                           = 0x8f6000
getpgrp()                               = 6429
rt_sigaction(SIGCHLD, {0x447a20, [], SA_RESTORER|SA_RESTART, 0x7fc02f9a44a0}, {SIG_DFL, [], SA_RESTORER|SA_RESTART, 0x7fc02f9a44a0}, 8) = 0
getrlimit(RLIMIT_NPROC, {rlim_cur=15656, rlim_max=15656}) = 0
brk(0x8f7000)                           = 0x8f7000
brk(0x8f8000)                           = 0x8f8000
rt_sigprocmask(SIG_BLOCK, NULL, [], 8)  = 0
open("./falst.sh", O_RDONLY)            = 3
ioctl(3, TCGETS, 0x7fff1a018ca0)        = -1 ENOTTY (Inappropriate ioctl for device)
lseek(3, 0, SEEK_CUR)                   = 0
read(3, "#!/bin/bash\n\tping -c 3 www.googl"..., 80) = 62
lseek(3, 0, SEEK_SET)                   = 0
getrlimit(RLIMIT_NOFILE, {rlim_cur=1024, rlim_max=64*1024}) = 0
fcntl(255, F_GETFD)                     = -1 EBADF (Bad file descriptor)
dup2(3, 255)                            = 255
close(3)                                = 0
fcntl(255, F_SETFD, FD_CLOEXEC)         = 0
fcntl(255, F_GETFL)                     = 0x8000 (flags O_RDONLY|O_LARGEFILE)
fstat(255, {st_mode=S_IFREG|0775, st_size=62, ...}) = 0
lseek(255, 0, SEEK_CUR)                 = 0
brk(0x8f9000)                           = 0x8f9000
read(255, "#!/bin/bash\n\tping -c 3 www.googl"..., 62) = 62
brk(0x8fa000)                           = 0x8fa000
stat(".", {st_mode=S_IFDIR|0775, st_size=4096, ...}) = 0
stat("/usr/local/sbin/ping", 0x7fff1a018960) = -1 ENOENT (No such file or directory)
stat("/usr/local/bin/ping", 0x7fff1a018960) = -1 ENOENT (No such file or directory)
stat("/usr/sbin/ping", 0x7fff1a018960)  = -1 ENOENT (No such file or directory)
stat("/usr/bin/ping", 0x7fff1a018960)   = -1 ENOENT (No such file or directory)
stat("/sbin/ping", 0x7fff1a018960)      = -1 ENOENT (No such file or directory)
stat("/bin/ping", {st_mode=S_IFREG|S_ISUID|0755, st_size=44168, ...}) = 0
stat("/bin/ping", {st_mode=S_IFREG|S_ISUID|0755, st_size=44168, ...}) = 0
geteuid()                               = 0
getegid()                               = 0
getuid()                                = 0
getgid()                                = 0
access("/bin/ping", X_OK)               = 0
stat("/bin/ping", {st_mode=S_IFREG|S_ISUID|0755, st_size=44168, ...}) = 0
geteuid()                               = 0
getegid()                               = 0
getuid()                                = 0
getgid()                                = 0
access("/bin/ping", R_OK)               = 0
stat("/bin/ping", {st_mode=S_IFREG|S_ISUID|0755, st_size=44168, ...}) = 0
stat("/bin/ping", {st_mode=S_IFREG|S_ISUID|0755, st_size=44168, ...}) = 0
geteuid()                               = 0
getegid()                               = 0
getuid()                                = 0
getgid()                                = 0
access("/bin/ping", X_OK)               = 0
stat("/bin/ping", {st_mode=S_IFREG|S_ISUID|0755, st_size=44168, ...}) = 0
geteuid()                               = 0
getegid()                               = 0
getuid()                                = 0
getgid()                                = 0
access("/bin/ping", R_OK)               = 0
brk(0x8fb000)                           = 0x8fb000
rt_sigprocmask(SIG_BLOCK, [INT CHLD], [], 8) = 0
lseek(255, -23, SEEK_CUR)               = 39
clone(child_stack=0, flags=CLONE_CHILD_CLEARTID|CLONE_CHILD_SETTID|SIGCHLD, child_tidptr=0x7fc03036d9d0) = 6444
rt_sigprocmask(SIG_SETMASK, [], NULL, 8) = 0
rt_sigprocmask(SIG_BLOCK, [CHLD], [], 8) = 0
rt_sigprocmask(SIG_SETMASK, [], NULL, 8) = 0
rt_sigprocmask(SIG_BLOCK, [CHLD], [], 8) = 0
rt_sigaction(SIGINT, {0x444900, [], SA_RESTORER, 0x7fc02f9a44a0}, {SIG_DFL, [], SA_RESTORER, 0x7fc02f9a44a0}, 8) = 0
wait4(-1, strace: Process 6444 attached
 <unfinished ...>
[pid  6444] close(255)                  = 0
[pid  6444] rt_sigprocmask(SIG_SETMASK, [], NULL, 8) = 0
[pid  6444] rt_sigaction(SIGTSTP, {SIG_DFL, [], SA_RESTORER, 0x7fc02f9a44a0}, {SIG_DFL, [], 0}, 8) = 0
[pid  6444] rt_sigaction(SIGTTIN, {SIG_DFL, [], SA_RESTORER, 0x7fc02f9a44a0}, {SIG_DFL, [], 0}, 8) = 0
[pid  6444] rt_sigaction(SIGTTOU, {SIG_DFL, [], SA_RESTORER, 0x7fc02f9a44a0}, {SIG_DFL, [], 0}, 8) = 0
[pid  6444] rt_sigaction(SIGINT, {SIG_DFL, [], SA_RESTORER, 0x7fc02f9a44a0}, {SIG_DFL, [], SA_RESTORER, 0x7fc02f9a44a0}, 8) = 0
[pid  6444] rt_sigaction(SIGQUIT, {SIG_DFL, [], SA_RESTORER, 0x7fc02f9a44a0}, {SIG_IGN, [], SA_RESTORER, 0x7fc02f9a44a0}, 8) = 0
[pid  6444] rt_sigaction(SIGCHLD, {SIG_DFL, [], SA_RESTORER|SA_RESTART, 0x7fc02f9a44a0}, {0x447a20, [], SA_RESTORER|SA_RESTART, 0x7fc02f9a44a0}, 8) = 0
[pid  6444] execve("/bin/ping", ["ping", "-c", "3", "www.google.com"], [/* 29 vars */]) = 0
[pid  6444] brk(NULL)                   = 0x2055000
[pid  6444] access("/etc/ld.so.nohwcap", F_OK) = -1 ENOENT (No such file or directory)
[pid  6444] mmap(NULL, 8192, PROT_READ|PROT_WRITE, MAP_PRIVATE|MAP_ANONYMOUS, -1, 0) = 0x7f11f7785000
[pid  6444] access("/etc/ld.so.preload", R_OK) = -1 ENOENT (No such file or directory)
[pid  6444] open("/etc/ld.so.cache", O_RDONLY|O_CLOEXEC) = 3
[pid  6444] fstat(3, {st_mode=S_IFREG|0644, st_size=96553, ...}) = 0
[pid  6444] mmap(NULL, 96553, PROT_READ, MAP_PRIVATE, 3, 0) = 0x7f11f776d000
[pid  6444] close(3)                    = 0
[pid  6444] access("/etc/ld.so.nohwcap", F_OK) = -1 ENOENT (No such file or directory)
[pid  6444] open("/lib/x86_64-linux-gnu/libcap.so.2", O_RDONLY|O_CLOEXEC) = 3
[pid  6444] read(3, "\177ELF\2\1\1\0\0\0\0\0\0\0\0\0\3\0>\0\1\0\0\0\260\30\0\0\0\0\0\0"..., 832) = 832
[pid  6444] fstat(3, {st_mode=S_IFREG|0644, st_size=23128, ...}) = 0
[pid  6444] mmap(NULL, 2118192, PROT_READ|PROT_EXEC, MAP_PRIVATE|MAP_DENYWRITE, 3, 0) = 0x7f11f735c000
[pid  6444] mprotect(0x7f11f7360000, 2097152, PROT_NONE) = 0
[pid  6444] mmap(0x7f11f7560000, 8192, PROT_READ|PROT_WRITE, MAP_PRIVATE|MAP_FIXED|MAP_DENYWRITE, 3, 0x4000) = 0x7f11f7560000
[pid  6444] close(3)                    = 0
[pid  6444] access("/etc/ld.so.nohwcap", F_OK) = -1 ENOENT (No such file or directory)
[pid  6444] open("/lib/x86_64-linux-gnu/libc.so.6", O_RDONLY|O_CLOEXEC) = 3
[pid  6444] read(3, "\177ELF\2\1\1\3\0\0\0\0\0\0\0\0\3\0>\0\1\0\0\0P\t\2\0\0\0\0\0"..., 832) = 832
[pid  6444] fstat(3, {st_mode=S_IFREG|0755, st_size=1864888, ...}) = 0
[pid  6444] mmap(NULL, 3967488, PROT_READ|PROT_EXEC, MAP_PRIVATE|MAP_DENYWRITE, 3, 0) = 0x7f11f6f93000
[pid  6444] mprotect(0x7f11f7153000, 2093056, PROT_NONE) = 0
[pid  6444] mmap(0x7f11f7352000, 24576, PROT_READ|PROT_WRITE, MAP_PRIVATE|MAP_FIXED|MAP_DENYWRITE, 3, 0x1bf000) = 0x7f11f7352000
[pid  6444] mmap(0x7f11f7358000, 14848, PROT_READ|PROT_WRITE, MAP_PRIVATE|MAP_FIXED|MAP_ANONYMOUS, -1, 0) = 0x7f11f7358000
[pid  6444] close(3)                    = 0
[pid  6444] mmap(NULL, 4096, PROT_READ|PROT_WRITE, MAP_PRIVATE|MAP_ANONYMOUS, -1, 0) = 0x7f11f776c000
[pid  6444] mmap(NULL, 4096, PROT_READ|PROT_WRITE, MAP_PRIVATE|MAP_ANONYMOUS, -1, 0) = 0x7f11f776b000
[pid  6444] mmap(NULL, 4096, PROT_READ|PROT_WRITE, MAP_PRIVATE|MAP_ANONYMOUS, -1, 0) = 0x7f11f776a000
[pid  6444] arch_prctl(ARCH_SET_FS, 0x7f11f776b700) = 0
[pid  6444] mprotect(0x7f11f7352000, 16384, PROT_READ) = 0
[pid  6444] mprotect(0x7f11f7560000, 4096, PROT_READ) = 0
[pid  6444] mprotect(0x609000, 4096, PROT_READ) = 0
[pid  6444] mprotect(0x7f11f7787000, 4096, PROT_READ) = 0
[pid  6444] munmap(0x7f11f776d000, 96553) = 0
[pid  6444] brk(NULL)                   = 0x2055000
[pid  6444] brk(0x2076000)              = 0x2076000
[pid  6444] capget({_LINUX_CAPABILITY_VERSION_3, 0}, NULL) = 0
[pid  6444] capget({_LINUX_CAPABILITY_VERSION_3, 0}, {CAP_CHOWN|CAP_DAC_OVERRIDE|CAP_DAC_READ_SEARCH|CAP_FOWNER|CAP_FSETID|CAP_KILL|CAP_SETGID|CAP_SETUID|CAP_SETPCAP|CAP_LINUX_IMMUTABLE|CAP_NET_BIND_SERVICE|CAP_NET_BROADCAST|CAP_NET_ADMIN|CAP_NET_RAW|CAP_IPC_LOCK|CAP_IPC_OWNER|CAP_SYS_MODULE|CAP_SYS_RAWIO|CAP_SYS_CHROOT|CAP_SYS_PTRACE|CAP_SYS_PACCT|CAP_SYS_ADMIN|CAP_SYS_BOOT|CAP_SYS_NICE|CAP_SYS_RESOURCE|CAP_SYS_TIME|CAP_SYS_TTY_CONFIG|CAP_MKNOD|CAP_LEASE|CAP_AUDIT_WRITE|CAP_AUDIT_CONTROL|CAP_SETFCAP|CAP_MAC_OVERRIDE|CAP_MAC_ADMIN|CAP_SYSLOG|CAP_WAKE_ALARM|CAP_BLOCK_SUSPEND|CAP_AUDIT_READ, CAP_CHOWN|CAP_DAC_OVERRIDE|CAP_DAC_READ_SEARCH|CAP_FOWNER|CAP_FSETID|CAP_KILL|CAP_SETGID|CAP_SETUID|CAP_SETPCAP|CAP_LINUX_IMMUTABLE|CAP_NET_BIND_SERVICE|CAP_NET_BROADCAST|CAP_NET_ADMIN|CAP_NET_RAW|CAP_IPC_LOCK|CAP_IPC_OWNER|CAP_SYS_MODULE|CAP_SYS_RAWIO|CAP_SYS_CHROOT|CAP_SYS_PTRACE|CAP_SYS_PACCT|CAP_SYS_ADMIN|CAP_SYS_BOOT|CAP_SYS_NICE|CAP_SYS_RESOURCE|CAP_SYS_TIME|CAP_SYS_TTY_CONFIG|CAP_MKNOD|CAP_LEASE|CAP_AUDIT_WRITE|CAP_AUDIT_CONTROL|CAP_SETFCAP|CAP_MAC_OVERRIDE|CAP_MAC_ADMIN|CAP_SYSLOG|CAP_WAKE_ALARM|CAP_BLOCK_SUSPEND|CAP_AUDIT_READ, 0}) = 0
[pid  6444] capget({_LINUX_CAPABILITY_VERSION_3, 0}, NULL) = 0
[pid  6444] capset({_LINUX_CAPABILITY_VERSION_3, 0}, {0, CAP_NET_ADMIN|CAP_NET_RAW, 0}) = 0
[pid  6444] prctl(PR_SET_KEEPCAPS, 1)   = 0
[pid  6444] getuid()                    = 0
[pid  6444] setuid(0)                   = 0
[pid  6444] prctl(PR_SET_KEEPCAPS, 0)   = 0
[pid  6444] getuid()                    = 0
[pid  6444] geteuid()                   = 0
[pid  6444] capget({_LINUX_CAPABILITY_VERSION_3, 0}, NULL) = 0
[pid  6444] capget({_LINUX_CAPABILITY_VERSION_3, 0}, {0, CAP_NET_ADMIN|CAP_NET_RAW, 0}) = 0
[pid  6444] capset({_LINUX_CAPABILITY_VERSION_3, 0}, {CAP_NET_RAW, CAP_NET_ADMIN|CAP_NET_RAW, 0}) = 0
[pid  6444] socket(PF_INET, SOCK_RAW, IPPROTO_ICMP) = 3
[pid  6444] capget({_LINUX_CAPABILITY_VERSION_3, 0}, NULL) = 0
[pid  6444] capget({_LINUX_CAPABILITY_VERSION_3, 0}, {CAP_NET_RAW, CAP_NET_ADMIN|CAP_NET_RAW, 0}) = 0
[pid  6444] capset({_LINUX_CAPABILITY_VERSION_3, 0}, {0, CAP_NET_ADMIN|CAP_NET_RAW, 0}) = 0
[pid  6444] getpid()                    = 6444
[pid  6444] open("/etc/resolv.conf", O_RDONLY|O_CLOEXEC) = 4
[pid  6444] fstat(4, {st_mode=S_IFREG|0644, st_size=172, ...}) = 0
[pid  6444] read(4, "# Dynamic resolv.conf(5) file fo"..., 4096) = 172
[pid  6444] read(4, "", 4096)           = 0
[pid  6444] close(4)                    = 0
[pid  6444] uname({sysname="Linux", nodename="daniel", ...}) = 0
[pid  6444] stat("/etc/resolv.conf", {st_mode=S_IFREG|0644, st_size=172, ...}) = 0
[pid  6444] open("/etc/resolv.conf", O_RDONLY|O_CLOEXEC) = 4
[pid  6444] fstat(4, {st_mode=S_IFREG|0644, st_size=172, ...}) = 0
[pid  6444] read(4, "# Dynamic resolv.conf(5) file fo"..., 4096) = 172
[pid  6444] read(4, "", 4096)           = 0
[pid  6444] close(4)                    = 0
[pid  6444] uname({sysname="Linux", nodename="daniel", ...}) = 0
[pid  6444] socket(PF_LOCAL, SOCK_STREAM|SOCK_CLOEXEC|SOCK_NONBLOCK, 0) = 4
[pid  6444] connect(4, {sa_family=AF_LOCAL, sun_path="/var/run/nscd/socket"}, 110) = -1 ENOENT (No such file or directory)
[pid  6444] close(4)                    = 0
[pid  6444] socket(PF_LOCAL, SOCK_STREAM|SOCK_CLOEXEC|SOCK_NONBLOCK, 0) = 4
[pid  6444] connect(4, {sa_family=AF_LOCAL, sun_path="/var/run/nscd/socket"}, 110) = -1 ENOENT (No such file or directory)
[pid  6444] close(4)                    = 0
[pid  6444] open("/etc/nsswitch.conf", O_RDONLY|O_CLOEXEC) = 4
[pid  6444] fstat(4, {st_mode=S_IFREG|0644, st_size=529, ...}) = 0
[pid  6444] read(4, "# /etc/nsswitch.conf\n#\n# Example"..., 4096) = 529
[pid  6444] read(4, "", 4096)           = 0
[pid  6444] close(4)                    = 0
[pid  6444] open("/etc/ld.so.cache", O_RDONLY|O_CLOEXEC) = 4
[pid  6444] fstat(4, {st_mode=S_IFREG|0644, st_size=96553, ...}) = 0
[pid  6444] mmap(NULL, 96553, PROT_READ, MAP_PRIVATE, 4, 0) = 0x7f11f776d000
[pid  6444] close(4)                    = 0
[pid  6444] access("/etc/ld.so.nohwcap", F_OK) = -1 ENOENT (No such file or directory)
[pid  6444] open("/lib/x86_64-linux-gnu/libnss_files.so.2", O_RDONLY|O_CLOEXEC) = 4
[pid  6444] read(4, "\177ELF\2\1\1\0\0\0\0\0\0\0\0\0\3\0>\0\1\0\0\0\260!\0\0\0\0\0\0"..., 832) = 832
[pid  6444] fstat(4, {st_mode=S_IFREG|0644, st_size=47600, ...}) = 0
[pid  6444] mmap(NULL, 2168600, PROT_READ|PROT_EXEC, MAP_PRIVATE|MAP_DENYWRITE, 4, 0) = 0x7f11f6d81000
[pid  6444] mprotect(0x7f11f6d8c000, 2093056, PROT_NONE) = 0
[pid  6444] mmap(0x7f11f6f8b000, 8192, PROT_READ|PROT_WRITE, MAP_PRIVATE|MAP_FIXED|MAP_DENYWRITE, 4, 0xa000) = 0x7f11f6f8b000
[pid  6444] mmap(0x7f11f6f8d000, 22296, PROT_READ|PROT_WRITE, MAP_PRIVATE|MAP_FIXED|MAP_ANONYMOUS, -1, 0) = 0x7f11f6f8d000
[pid  6444] close(4)                    = 0
[pid  6444] mprotect(0x7f11f6f8b000, 4096, PROT_READ) = 0
[pid  6444] munmap(0x7f11f776d000, 96553) = 0
[pid  6444] open("/etc/host.conf", O_RDONLY|O_CLOEXEC) = 4
[pid  6444] fstat(4, {st_mode=S_IFREG|0644, st_size=92, ...}) = 0
[pid  6444] read(4, "# The \"order\" line is only used "..., 4096) = 92
[pid  6444] read(4, "", 4096)           = 0
[pid  6444] close(4)                    = 0
[pid  6444] open("/etc/hosts", O_RDONLY|O_CLOEXEC) = 4
[pid  6444] fstat(4, {st_mode=S_IFREG|0644, st_size=221, ...}) = 0
[pid  6444] read(4, "127.0.0.1\tlocalhost\n127.0.1.1\tda"..., 4096) = 221
[pid  6444] read(4, "", 4096)           = 0
[pid  6444] close(4)                    = 0
[pid  6444] open("/etc/ld.so.cache", O_RDONLY|O_CLOEXEC) = 4
[pid  6444] fstat(4, {st_mode=S_IFREG|0644, st_size=96553, ...}) = 0
[pid  6444] mmap(NULL, 96553, PROT_READ, MAP_PRIVATE, 4, 0) = 0x7f11f776d000
[pid  6444] close(4)                    = 0
[pid  6444] access("/etc/ld.so.nohwcap", F_OK) = -1 ENOENT (No such file or directory)
[pid  6444] open("/lib/x86_64-linux-gnu/libnss_mdns4_minimal.so.2", O_RDONLY|O_CLOEXEC) = 4
[pid  6444] read(4, "\177ELF\2\1\1\0\0\0\0\0\0\0\0\0\3\0>\0\1\0\0\0\320\v\0\0\0\0\0\0"..., 832) = 832
[pid  6444] fstat(4, {st_mode=S_IFREG|0644, st_size=10480, ...}) = 0
[pid  6444] mmap(NULL, 2105544, PROT_READ|PROT_EXEC, MAP_PRIVATE|MAP_DENYWRITE, 4, 0) = 0x7f11f6b7e000
[pid  6444] mprotect(0x7f11f6b80000, 2093056, PROT_NONE) = 0
[pid  6444] mmap(0x7f11f6d7f000, 8192, PROT_READ|PROT_WRITE, MAP_PRIVATE|MAP_FIXED|MAP_DENYWRITE, 4, 0x1000) = 0x7f11f6d7f000
[pid  6444] close(4)                    = 0
[pid  6444] mprotect(0x7f11f6d7f000, 4096, PROT_READ) = 0
[pid  6444] munmap(0x7f11f776d000, 96553) = 0
[pid  6444] open("/etc/ld.so.cache", O_RDONLY|O_CLOEXEC) = 4
[pid  6444] fstat(4, {st_mode=S_IFREG|0644, st_size=96553, ...}) = 0
[pid  6444] mmap(NULL, 96553, PROT_READ, MAP_PRIVATE, 4, 0) = 0x7f11f776d000
[pid  6444] close(4)                    = 0
[pid  6444] access("/etc/ld.so.nohwcap", F_OK) = -1 ENOENT (No such file or directory)
[pid  6444] open("/lib/x86_64-linux-gnu/libnss_dns.so.2", O_RDONLY|O_CLOEXEC) = 4
[pid  6444] read(4, "\177ELF\2\1\1\0\0\0\0\0\0\0\0\0\3\0>\0\1\0\0\0 \20\0\0\0\0\0\0"..., 832) = 832
[pid  6444] fstat(4, {st_mode=S_IFREG|0644, st_size=27016, ...}) = 0
[pid  6444] mmap(NULL, 2121960, PROT_READ|PROT_EXEC, MAP_PRIVATE|MAP_DENYWRITE, 4, 0) = 0x7f11f6977000
[pid  6444] mprotect(0x7f11f697c000, 2097152, PROT_NONE) = 0
[pid  6444] mmap(0x7f11f6b7c000, 8192, PROT_READ|PROT_WRITE, MAP_PRIVATE|MAP_FIXED|MAP_DENYWRITE, 4, 0x5000) = 0x7f11f6b7c000
[pid  6444] close(4)                    = 0
[pid  6444] access("/etc/ld.so.nohwcap", F_OK) = -1 ENOENT (No such file or directory)
[pid  6444] open("/lib/x86_64-linux-gnu/libresolv.so.2", O_RDONLY|O_CLOEXEC) = 4
[pid  6444] read(4, "\177ELF\2\1\1\0\0\0\0\0\0\0\0\0\3\0>\0\1\0\0\0\2209\0\0\0\0\0\0"..., 832) = 832
[pid  6444] fstat(4, {st_mode=S_IFREG|0644, st_size=101200, ...}) = 0
[pid  6444] mmap(NULL, 2206280, PROT_READ|PROT_EXEC, MAP_PRIVATE|MAP_DENYWRITE, 4, 0) = 0x7f11f675c000
[pid  6444] mprotect(0x7f11f6773000, 2097152, PROT_NONE) = 0
[pid  6444] mmap(0x7f11f6973000, 8192, PROT_READ|PROT_WRITE, MAP_PRIVATE|MAP_FIXED|MAP_DENYWRITE, 4, 0x17000) = 0x7f11f6973000
[pid  6444] mmap(0x7f11f6975000, 6728, PROT_READ|PROT_WRITE, MAP_PRIVATE|MAP_FIXED|MAP_ANONYMOUS, -1, 0) = 0x7f11f6975000
[pid  6444] close(4)                    = 0
[pid  6444] mprotect(0x7f11f6973000, 4096, PROT_READ) = 0
[pid  6444] mprotect(0x7f11f6b7c000, 4096, PROT_READ) = 0
[pid  6444] munmap(0x7f11f776d000, 96553) = 0
[pid  6444] stat("/etc/resolv.conf", {st_mode=S_IFREG|0644, st_size=172, ...}) = 0
[pid  6444] socket(PF_INET, SOCK_DGRAM|SOCK_NONBLOCK, IPPROTO_IP) = 4
[pid  6444] connect(4, {sa_family=AF_INET, sin_port=htons(53), sin_addr=inet_addr("127.0.1.1")}, 16) = 0
[pid  6444] poll([{fd=4, events=POLLOUT}], 1, 0) = 1 ([{fd=4, revents=POLLOUT}])
[pid  6444] sendto(4, "\305\177\1\0\0\1\0\0\0\0\0\0\3www\6google\3com\0\0\1\0\1", 32, MSG_NOSIGNAL, NULL, 0) = 32
[pid  6444] poll([{fd=4, events=POLLIN}], 1, 5000) = 1 ([{fd=4, revents=POLLIN}])
[pid  6444] ioctl(4, FIONREAD, [302])   = 0
[pid  6444] recvfrom(4, "\305\177\201\200\0\1\0\2\0\r\0\0\3www\6google\3com\0\0\1\0\1"..., 1024, 0, {sa_family=AF_INET, sin_port=htons(53), sin_addr=inet_addr("127.0.1.1")}, [16]) = 302
[pid  6444] close(4)                    = 0
[pid  6444] socket(PF_INET, SOCK_DGRAM, IPPROTO_IP) = 4
[pid  6444] connect(4, {sa_family=AF_INET, sin_port=htons(1025), sin_addr=inet_addr("216.239.38.120")}, 16) = 0
[pid  6444] getsockname(4, {sa_family=AF_INET, sin_port=htons(41185), sin_addr=inet_addr("10.0.2.15")}, [16]) = 0
[pid  6444] close(4)                    = 0
[pid  6444] setsockopt(3, SOL_RAW, ICMP_FILTER, ~(ICMP_ECHOREPLY|ICMP_DEST_UNREACH|ICMP_SOURCE_QUENCH|ICMP_REDIRECT|ICMP_TIME_EXCEEDED|ICMP_PARAMETERPROB), 4) = 0
[pid  6444] setsockopt(3, SOL_IP, IP_RECVERR, [1], 4) = 0
[pid  6444] setsockopt(3, SOL_SOCKET, SO_SNDBUF, [324], 4) = 0
[pid  6444] setsockopt(3, SOL_SOCKET, SO_RCVBUF, [65536], 4) = 0
[pid  6444] getsockopt(3, SOL_SOCKET, SO_RCVBUF, [131072], [4]) = 0
[pid  6444] fstat(1, {st_mode=S_IFREG|0644, st_size=0, ...}) = 0
[pid  6444] setsockopt(3, SOL_SOCKET, SO_TIMESTAMP, [1], 4) = 0
[pid  6444] setsockopt(3, SOL_SOCKET, SO_SNDTIMEO, "\1\0\0\0\0\0\0\0\0\0\0\0\0\0\0\0", 16) = 0
[pid  6444] setsockopt(3, SOL_SOCKET, SO_RCVTIMEO, "\1\0\0\0\0\0\0\0\0\0\0\0\0\0\0\0", 16) = 0
[pid  6444] rt_sigaction(SIGINT, {0x4043c0, [], SA_RESTORER|SA_INTERRUPT, 0x7f11f6fc84a0}, NULL, 8) = 0
[pid  6444] rt_sigaction(SIGALRM, {0x4043c0, [], SA_RESTORER|SA_INTERRUPT, 0x7f11f6fc84a0}, NULL, 8) = 0
[pid  6444] rt_sigaction(SIGQUIT, {0x4043b0, [], SA_RESTORER|SA_INTERRUPT, 0x7f11f6fc84a0}, NULL, 8) = 0
[pid  6444] rt_sigprocmask(SIG_SETMASK, [], NULL, 8) = 0
[pid  6444] ioctl(1, TCGETS, 0x7ffe008ea270) = -1 ENOTTY (Inappropriate ioctl for device)
[pid  6444] sendmsg(3, {msg_name(16)={sa_family=AF_INET, sin_port=htons(0), sin_addr=inet_addr("216.239.38.120")}, msg_iov(1)=[{"\10\0A\342\31,\0\0019E\301W\0\0\0\0\325\200\16\0\0\0\0\0\20\21\22\23\24\25\26\27"..., 64}], msg_controllen=0, msg_flags=0}, 0) = 64
[pid  6444] recvmsg(3, {msg_name(16)={sa_family=AF_INET, sin_port=htons(0), sin_addr=inet_addr("216.239.38.120")}, msg_iov(1)=[{"E\0\0T\33h@\0?\1\24\313\330\357&x\n\0\2\17\0\0I\342\31,\0\0019E\301W"..., 192}], msg_controllen=32, [{cmsg_len=32, cmsg_level=SOL_SOCKET, cmsg_type=0x1d /* SCM_??? */}], msg_flags=0}, 0) = 84
[pid  6444] stat("/etc/resolv.conf", {st_mode=S_IFREG|0644, st_size=172, ...}) = 0
[pid  6444] open("/etc/hosts", O_RDONLY|O_CLOEXEC) = 4
[pid  6444] fstat(4, {st_mode=S_IFREG|0644, st_size=221, ...}) = 0
[pid  6444] read(4, "127.0.0.1\tlocalhost\n127.0.1.1\tda"..., 4096) = 221
[pid  6444] read(4, "", 4096)           = 0
[pid  6444] close(4)                    = 0
[pid  6444] stat("/etc/resolv.conf", {st_mode=S_IFREG|0644, st_size=172, ...}) = 0
[pid  6444] socket(PF_INET, SOCK_DGRAM|SOCK_NONBLOCK, IPPROTO_IP) = 4
[pid  6444] connect(4, {sa_family=AF_INET, sin_port=htons(53), sin_addr=inet_addr("127.0.1.1")}, 16) = 0
[pid  6444] poll([{fd=4, events=POLLOUT}], 1, 0) = 1 ([{fd=4, revents=POLLOUT}])
[pid  6444] sendto(4, "b\\\1\0\0\1\0\0\0\0\0\0\003120\00238\003239\003216\7in-a"..., 45, MSG_NOSIGNAL, NULL, 0) = 45
[pid  6444] poll([{fd=4, events=POLLIN}], 1, 5000) = 1 ([{fd=4, revents=POLLIN}])
[pid  6444] ioctl(4, FIONREAD, [80])    = 0
[pid  6444] recvfrom(4, "b\\\201\200\0\1\0\1\0\0\0\0\003120\00238\003239\003216\7in-a"..., 1024, 0, {sa_family=AF_INET, sin_port=htons(53), sin_addr=inet_addr("127.0.1.1")}, [16]) = 80
[pid  6444] close(4)                    = 0
[pid  6444] write(1, "PING forcesafesearch.google.com "..., 156) = 156
[pid  6444] poll([{fd=3, events=POLLIN|POLLERR}], 1, 923) = 0 (Timeout)
[pid  6444] sendmsg(3, {msg_name(16)={sa_family=AF_INET, sin_port=htons(0), sin_addr=inet_addr("216.239.38.120")}, msg_iov(1)=[{"\10\0\337\343\31,\0\2:E\301W\0\0\0\0006~\16\0\0\0\0\0\20\21\22\23\24\25\26\27"..., 64}], msg_controllen=0, msg_flags=0}, MSG_CONFIRM) = 64
[pid  6444] recvmsg(3, {msg_name(16)={sa_family=AF_INET, sin_port=htons(0), sin_addr=inet_addr("216.239.38.120")}, msg_iov(1)=[{"E\0\0T\33j@\0?\1\24\311\330\357&x\n\0\2\17\0\0\347\343\31,\0\2:E\301W"..., 192}], msg_controllen=32, [{cmsg_len=32, cmsg_level=SOL_SOCKET, cmsg_type=0x1d /* SCM_??? */}], msg_flags=0}, 0) = 84
[pid  6444] write(1, "64 bytes from any-in-2678.1e100."..., 85) = 85
[pid  6444] poll([{fd=3, events=POLLIN|POLLERR}], 1, 932) = 0 (Timeout)
[pid  6444] sendmsg(3, {msg_name(16)={sa_family=AF_INET, sin_port=htons(0), sin_addr=inet_addr("216.239.38.120")}, msg_iov(1)=[{"\10\0\326\341\31,\0\3;E\301W\0\0\0\0>\177\16\0\0\0\0\0\20\21\22\23\24\25\26\27"..., 64}], msg_controllen=0, msg_flags=0}, MSG_CONFIRM) = 64
[pid  6444] setitimer(ITIMER_REAL, {it_interval={0, 0}, it_value={1, 0}}, NULL) = 0
[pid  6444] recvmsg(3, {msg_name(16)={sa_family=AF_INET, sin_port=htons(0), sin_addr=inet_addr("216.239.38.120")}, msg_iov(1)=[{"E\0\0T\33k@\0?\1\24\310\330\357&x\n\0\2\17\0\0\336\341\31,\0\3;E\301W"..., 192}], msg_controllen=32, [{cmsg_len=32, cmsg_level=SOL_SOCKET, cmsg_type=0x1d /* SCM_??? */}], msg_flags=0}, 0) = 84
[pid  6444] write(1, "64 bytes from any-in-2678.1e100."..., 85) = 85
[pid  6444] write(1, "\n", 1)           = 1
[pid  6444] write(1, "--- forcesafesearch.google.com p"..., 168) = 168
[pid  6444] exit_group(0)               = ?
[pid  6444] +++ exited with 0 +++
<... wait4 resumed> [{WIFEXITED(s) && WEXITSTATUS(s) == 0}], 0, NULL) = 6444
rt_sigaction(SIGINT, {SIG_DFL, [], SA_RESTORER, 0x7fc02f9a44a0}, {0x444900, [], SA_RESTORER, 0x7fc02f9a44a0}, 8) = 0
rt_sigprocmask(SIG_SETMASK, [], NULL, 8) = 0
--- SIGCHLD {si_signo=SIGCHLD, si_code=CLD_EXITED, si_pid=6444, si_uid=0, si_status=0, si_utime=0, si_stime=0} ---
wait4(-1, 0x7fff1a018490, WNOHANG, NULL) = -1 ECHILD (No child processes)
rt_sigreturn({mask=[]})                 = 0
read(255, "\techo \"ERRORS\"\n\nexit 1\n", 62) = 23
write(1, "ERRORS\n", 7)                 = 7
rt_sigprocmask(SIG_BLOCK, [CHLD], [], 8) = 0
rt_sigprocmask(SIG_SETMASK, [], NULL, 8) = 0
exit_group(1)                           = ?
+++ exited with 1 +++
