Memory usage: 912/3951(mb) (23.0828% used)
Now logging the I/O stats:
UID        PID  PPID   LWP  C NLWP STIME TTY          TIME CMD
Linux 4.4.0-34-generic (daniel) 	27/08/16 	_x86_64_	(1 CPU)

avg-cpu:  %user   %nice %system %iowait  %steal   %idle
          11.83    0.03    1.38    0.05    0.00   86.71

Device:         rrqm/s   wrqm/s     r/s     w/s    rkB/s    wkB/s avgrq-sz avgqu-sz   await r_await w_await  svctm  %util
sda               0.00     1.19    4.92    0.64   135.96    15.69    54.55     0.00    0.70    0.71    0.63   0.37   0.21

root      5165  2697  5165  0    1 20:50 pts/17   00:00:00 sudo ./daniel.sh ./falst.sh --log-trace --sys-trace --call-trace --net-trace --failed-count 2 -c 3
root      5166  5165  5166  0    1 20:50 pts/17   00:00:00 /bin/bash ./daniel.sh ./falst.sh --log-trace --sys-trace --call-trace --net-trace --failed-count 2 -c 3
root      5180  5166  5180  0    1 20:50 pts/17   00:00:00 /bin/bash ./daniel.sh ./falst.sh --log-trace --sys-trace --call-trace --net-trace --failed-count 2 -c 3
root      5181  5166  5181  0    1 20:50 pts/17   00:00:00 strace -f ./falst.sh
root      5184  5180  5184  0    1 20:50 pts/17   00:00:00 grep ./falst.sh
root      5185  5181  5185  0    1 20:50 pts/17   00:00:00 /bin/bash ./falst.sh
avg-cpu:  %user   %nice %system %iowait  %steal   %idle
          17.53    0.00    4.12    0.00    0.00   78.35

Device:         rrqm/s   wrqm/s     r/s     w/s    rkB/s    wkB/s avgrq-sz avgqu-sz   await r_await w_await  svctm  %util
sda               0.00     0.00    0.00    0.00     0.00     0.00     0.00     0.00    0.00    0.00    0.00   0.00   0.00

UID        PID  PPID   LWP  C NLWP STIME TTY          TIME CMD
root      5165  2697  5165  0    1 20:50 pts/17   00:00:00 sudo ./daniel.sh ./falst.sh --log-trace --sys-trace --call-trace --net-trace --failed-count 2 -c 3
root      5166  5165  5166  0    1 20:50 pts/17   00:00:00 /bin/bash ./daniel.sh ./falst.sh --log-trace --sys-trace --call-trace --net-trace --failed-count 2 -c 3
root      5180  5166  5180  0    1 20:50 pts/17   00:00:00 /bin/bash ./daniel.sh ./falst.sh --log-trace --sys-trace --call-trace --net-trace --failed-count 2 -c 3
root      5181  5166  5181  0    1 20:50 pts/17   00:00:00 strace -f ./falst.sh
root      5185  5181  5185  0    1 20:50 pts/17   00:00:00 /bin/bash ./falst.sh
root      5189  5180  5189  0    1 20:50 pts/17   00:00:00 grep ./falst.sh
avg-cpu:  %user   %nice %system %iowait  %steal   %idle
          10.31    0.00    2.06    0.00    0.00   87.63

Device:         rrqm/s   wrqm/s     r/s     w/s    rkB/s    wkB/s avgrq-sz avgqu-sz   await r_await w_await  svctm  %util
sda               0.00     1.03    0.00    3.09     0.00    16.49    10.67     0.00    0.00    0.00    0.00   0.00   0.00

UID        PID  PPID   LWP  C NLWP STIME TTY          TIME CMD
root      5165  2697  5165  0    1 20:50 pts/17   00:00:00 sudo ./daniel.sh ./falst.sh --log-trace --sys-trace --call-trace --net-trace --failed-count 2 -c 3
root      5166  5165  5166  0    1 20:50 pts/17   00:00:00 /bin/bash ./daniel.sh ./falst.sh --log-trace --sys-trace --call-trace --net-trace --failed-count 2 -c 3
root      5180  5166  5180  0    1 20:50 pts/17   00:00:00 /bin/bash ./daniel.sh ./falst.sh --log-trace --sys-trace --call-trace --net-trace --failed-count 2 -c 3
root      5181  5166  5181  0    1 20:50 pts/17   00:00:00 strace -f ./falst.sh
root      5185  5181  5185  0    1 20:50 pts/17   00:00:00 /bin/bash ./falst.sh
root      5194  5180  5194  0    1 20:50 pts/17   00:00:00 grep ./falst.sh
avg-cpu:  %user   %nice %system %iowait  %steal   %idle
          13.13    0.00    2.02    0.00    0.00   84.85

Device:         rrqm/s   wrqm/s     r/s     w/s    rkB/s    wkB/s avgrq-sz avgqu-sz   await r_await w_await  svctm  %util
sda               0.00     0.00    0.00    0.00     0.00     0.00     0.00     0.00    0.00    0.00    0.00   0.00   0.00

UID        PID  PPID   LWP  C NLWP STIME TTY          TIME CMD
root      5165  2697  5165  0    1 20:50 pts/17   00:00:00 sudo ./daniel.sh ./falst.sh --log-trace --sys-trace --call-trace --net-trace --failed-count 2 -c 3
root      5166  5165  5166  0    1 20:50 pts/17   00:00:00 /bin/bash ./daniel.sh ./falst.sh --log-trace --sys-trace --call-trace --net-trace --failed-count 2 -c 3
root      5180  5166  5180  0    1 20:50 pts/17   00:00:00 /bin/bash ./daniel.sh ./falst.sh --log-trace --sys-trace --call-trace --net-trace --failed-count 2 -c 3
root      5181  5166  5181  0    1 20:50 pts/17   00:00:00 strace -f ./falst.sh
root      5185  5181  5185  0    1 20:50 pts/17   00:00:00 /bin/bash ./falst.sh
root      5197  5180  5197  0    1 20:50 pts/17   00:00:00 grep ./falst.sh
avg-cpu:  %user   %nice %system %iowait  %steal   %idle
           4.00    0.00    2.00    0.00    0.00   94.00

Device:         rrqm/s   wrqm/s     r/s     w/s    rkB/s    wkB/s avgrq-sz avgqu-sz   await r_await w_await  svctm  %util
sda               0.00     0.00    0.00    0.00     0.00     0.00     0.00     0.00    0.00    0.00    0.00   0.00   0.00

UID        PID  PPID   LWP  C NLWP STIME TTY          TIME CMD
root      5165  2697  5165  0    1 20:50 pts/17   00:00:00 sudo ./daniel.sh ./falst.sh --log-trace --sys-trace --call-trace --net-trace --failed-count 2 -c 3
root      5166  5165  5166  0    1 20:50 pts/17   00:00:00 /bin/bash ./daniel.sh ./falst.sh --log-trace --sys-trace --call-trace --net-trace --failed-count 2 -c 3
root      5180  5166  5180  0    1 20:50 pts/17   00:00:00 /bin/bash ./daniel.sh ./falst.sh --log-trace --sys-trace --call-trace --net-trace --failed-count 2 -c 3
root      5181  5166  5181  0    1 20:50 pts/17   00:00:00 strace -f ./falst.sh
root      5185  5181  5185  0    1 20:50 pts/17   00:00:00 /bin/bash ./falst.sh
root      5200  5180  5200  0    1 20:50 pts/17   00:00:00 grep ./falst.sh
avg-cpu:  %user   %nice %system %iowait  %steal   %idle
           8.08    0.00    3.03    0.00    0.00   88.89

Device:         rrqm/s   wrqm/s     r/s     w/s    rkB/s    wkB/s avgrq-sz avgqu-sz   await r_await w_await  svctm  %util
sda               0.00     0.00    0.00    0.00     0.00     0.00     0.00     0.00    0.00    0.00    0.00   0.00   0.00

UID        PID  PPID   LWP  C NLWP STIME TTY          TIME CMD
root      5165  2697  5165  0    1 20:50 pts/17   00:00:00 sudo ./daniel.sh ./falst.sh --log-trace --sys-trace --call-trace --net-trace --failed-count 2 -c 3
root      5166  5165  5166  0    1 20:50 pts/17   00:00:00 /bin/bash ./daniel.sh ./falst.sh --log-trace --sys-trace --call-trace --net-trace --failed-count 2 -c 3
root      5180  5166  5180  0    1 20:50 pts/17   00:00:00 /bin/bash ./daniel.sh ./falst.sh --log-trace --sys-trace --call-trace --net-trace --failed-count 2 -c 3
root      5181  5166  5181  0    1 20:50 pts/17   00:00:00 strace -f ./falst.sh
root      5185  5181  5185  0    1 20:50 pts/17   00:00:00 /bin/bash ./falst.sh
root      5203  5180  5203  0    1 20:50 pts/17   00:00:00 grep ./falst.sh

Total Network packages sent during the exec: 13avg-cpu:  %user   %nice %system %iowait  %steal   %idle
          17.89    0.00    5.26    0.00    0.00   76.84

Device:         rrqm/s   wrqm/s     r/s     w/s    rkB/s    wkB/s avgrq-sz avgqu-sz   await r_await w_await  svctm  %util
sda               0.00    12.63    0.00    2.11     0.00    58.95    56.00     0.00    0.00    0.00    0.00   0.00   0.00

UID        PID  PPID   LWP  C NLWP STIME TTY          TIME CMD
root      5165  2697  5165  0    1 20:50 pts/17   00:00:00 sudo ./daniel.sh ./falst.sh --log-trace --sys-trace --call-trace --net-trace --failed-count 2 -c 3
root      5166  5165  5166  0    1 20:50 pts/17   00:00:00 /bin/bash ./daniel.sh ./falst.sh --log-trace --sys-trace --call-trace --net-trace --failed-count 2 -c 3
root      5180  5166  5180  0    1 20:50 pts/17   00:00:00 /bin/bash ./daniel.sh ./falst.sh --log-trace --sys-trace --call-trace --net-trace --failed-count 2 -c 3
root      5222  5166  5222  0    1 20:50 pts/17   00:00:00 /bin/bash ./daniel.sh ./falst.sh --log-trace --sys-trace --call-trace --net-trace --failed-count 2 -c 3
root      5223  5166  5223  0    1 20:50 pts/17   00:00:00 strace -f ./falst.sh
root      5227  5223  5227  0    1 20:50 pts/17   00:00:00 /bin/bash ./falst.sh
root      5231  5180  5231  0    1 20:50 pts/17   00:00:00 grep ./falst.sh
avg-cpu:  %user   %nice %system %iowait  %steal   %idle
           5.10    0.00    2.04    0.00    0.00   92.86

Device:         rrqm/s   wrqm/s     r/s     w/s    rkB/s    wkB/s avgrq-sz avgqu-sz   await r_await w_await  svctm  %util
sda               0.00     0.00    0.00    0.00     0.00     0.00     0.00     0.00    0.00    0.00    0.00   0.00   0.00

UID        PID  PPID   LWP  C NLWP STIME TTY          TIME CMD
root      5165  2697  5165  0    1 20:50 pts/17   00:00:00 sudo ./daniel.sh ./falst.sh --log-trace --sys-trace --call-trace --net-trace --failed-count 2 -c 3
root      5166  5165  5166  0    1 20:50 pts/17   00:00:00 /bin/bash ./daniel.sh ./falst.sh --log-trace --sys-trace --call-trace --net-trace --failed-count 2 -c 3
root      5180  5166  5180  0    1 20:50 pts/17   00:00:00 /bin/bash ./daniel.sh ./falst.sh --log-trace --sys-trace --call-trace --net-trace --failed-count 2 -c 3
root      5222  5166  5222  0    1 20:50 pts/17   00:00:00 /bin/bash ./daniel.sh ./falst.sh --log-trace --sys-trace --call-trace --net-trace --failed-count 2 -c 3
root      5223  5166  5223  0    1 20:50 pts/17   00:00:00 strace -f ./falst.sh
root      5227  5223  5227  0    1 20:50 pts/17   00:00:00 /bin/bash ./falst.sh
root      5237  5180  5237  0    1 20:50 pts/17   00:00:00 grep ./falst.sh
avg-cpu:  %user   %nice %system %iowait  %steal   %idle
           9.18    0.00    3.06    0.00    0.00   87.76

Device:         rrqm/s   wrqm/s     r/s     w/s    rkB/s    wkB/s avgrq-sz avgqu-sz   await r_await w_await  svctm  %util
sda               0.00     0.00    0.00    0.00     0.00     0.00     0.00     0.00    0.00    0.00    0.00   0.00   0.00

UID        PID  PPID   LWP  C NLWP STIME TTY          TIME CMD
root      5165  2697  5165  0    1 20:50 pts/17   00:00:00 sudo ./daniel.sh ./falst.sh --log-trace --sys-trace --call-trace --net-trace --failed-count 2 -c 3
root      5166  5165  5166  0    1 20:50 pts/17   00:00:00 /bin/bash ./daniel.sh ./falst.sh --log-trace --sys-trace --call-trace --net-trace --failed-count 2 -c 3
root      5180  5166  5180  0    1 20:50 pts/17   00:00:00 /bin/bash ./daniel.sh ./falst.sh --log-trace --sys-trace --call-trace --net-trace --failed-count 2 -c 3
root      5222  5166  5222  0    1 20:50 pts/17   00:00:00 /bin/bash ./daniel.sh ./falst.sh --log-trace --sys-trace --call-trace --net-trace --failed-count 2 -c 3
root      5223  5166  5223  0    1 20:50 pts/17   00:00:00 strace -f ./falst.sh
root      5227  5223  5227  0    1 20:50 pts/17   00:00:00 /bin/bash ./falst.sh
root      5243  5180  5243  0    1 20:50 pts/17   00:00:00 grep ./falst.sh
avg-cpu:  %user   %nice %system %iowait  %steal   %idle
           8.16    0.00    5.10    0.00    0.00   86.73

Device:         rrqm/s   wrqm/s     r/s     w/s    rkB/s    wkB/s avgrq-sz avgqu-sz   await r_await w_await  svctm  %util
sda               0.00     0.00    0.00    0.00     0.00     0.00     0.00     0.00    0.00    0.00    0.00   0.00   0.00

UID        PID  PPID   LWP  C NLWP STIME TTY          TIME CMD
root      5165  2697  5165  0    1 20:50 pts/17   00:00:00 sudo ./daniel.sh ./falst.sh --log-trace --sys-trace --call-trace --net-trace --failed-count 2 -c 3
root      5166  5165  5166  0    1 20:50 pts/17   00:00:00 /bin/bash ./daniel.sh ./falst.sh --log-trace --sys-trace --call-trace --net-trace --failed-count 2 -c 3
root      5180  5166  5180  0    1 20:50 pts/17   00:00:00 /bin/bash ./daniel.sh ./falst.sh --log-trace --sys-trace --call-trace --net-trace --failed-count 2 -c 3
root      5222  5166  5222  0    1 20:50 pts/17   00:00:00 /bin/bash ./daniel.sh ./falst.sh --log-trace --sys-trace --call-trace --net-trace --failed-count 2 -c 3
root      5223  5166  5223  0    1 20:50 pts/17   00:00:00 strace -f ./falst.sh
root      5227  5223  5227  0    1 20:50 pts/17   00:00:00 /bin/bash ./falst.sh
root      5249  5180  5249  0    1 20:50 pts/17   00:00:00 grep ./falst.sh
avg-cpu:  %user   %nice %system %iowait  %steal   %idle
           6.19    0.00    2.06    0.00    0.00   91.75

Device:         rrqm/s   wrqm/s     r/s     w/s    rkB/s    wkB/s avgrq-sz avgqu-sz   await r_await w_await  svctm  %util
sda               0.00     0.00    0.00    0.00     0.00     0.00     0.00     0.00    0.00    0.00    0.00   0.00   0.00

UID        PID  PPID   LWP  C NLWP STIME TTY          TIME CMD
root      5165  2697  5165  0    1 20:50 pts/17   00:00:00 sudo ./daniel.sh ./falst.sh --log-trace --sys-trace --call-trace --net-trace --failed-count 2 -c 3
root      5166  5165  5166  0    1 20:50 pts/17   00:00:00 /bin/bash ./daniel.sh ./falst.sh --log-trace --sys-trace --call-trace --net-trace --failed-count 2 -c 3
root      5180  5166  5180  0    1 20:50 pts/17   00:00:00 /bin/bash ./daniel.sh ./falst.sh --log-trace --sys-trace --call-trace --net-trace --failed-count 2 -c 3
root      5222  5166  5222  0    1 20:50 pts/17   00:00:00 /bin/bash ./daniel.sh ./falst.sh --log-trace --sys-trace --call-trace --net-trace --failed-count 2 -c 3
root      5223  5166  5223  0    1 20:50 pts/17   00:00:00 strace -f ./falst.sh
root      5227  5223  5227  0    1 20:50 pts/17   00:00:00 /bin/bash ./falst.sh
root      5255  5180  5255  0    1 20:50 pts/17   00:00:00 grep ./falst.sh
avg-cpu:  %user   %nice %system %iowait  %steal   %idle
          10.20    0.00    3.06    0.00    0.00   86.73

Device:         rrqm/s   wrqm/s     r/s     w/s    rkB/s    wkB/s avgrq-sz avgqu-sz   await r_await w_await  svctm  %util
sda               0.00    11.22    0.00    2.04     0.00    53.06    52.00     0.00    2.00    0.00    2.00   2.00   0.41

UID        PID  PPID   LWP  C NLWP STIME TTY          TIME CMD
root      5180  2034  5180  0    1 20:50 pts/17   00:00:00 /bin/bash ./daniel.sh ./falst.sh --log-trace --sys-trace --call-trace --net-trace --failed-count 2 -c 3
root      5268  5180  5268  0    1 20:50 pts/17   00:00:00 grep ./falst.sh
avg-cpu:  %user   %nice %system %iowait  %steal   %idle
          14.89    0.00    3.19    0.00    0.00   81.91

Device:         rrqm/s   wrqm/s     r/s     w/s    rkB/s    wkB/s avgrq-sz avgqu-sz   await r_await w_await  svctm  %util
sda               0.00     0.00    0.00    0.00     0.00     0.00     0.00     0.00    0.00    0.00    0.00   0.00   0.00

UID        PID  PPID   LWP  C NLWP STIME TTY          TIME CMD
root      5180  2034  5180  0    1 20:50 pts/17   00:00:00 /bin/bash ./daniel.sh ./falst.sh --log-trace --sys-trace --call-trace --net-trace --failed-count 2 -c 3
root      5271  5180  5271  0    1 20:50 pts/17   00:00:00 grep ./falst.sh
avg-cpu:  %user   %nice %system %iowait  %steal   %idle
           9.00    0.00    2.00    0.00    0.00   89.00

Device:         rrqm/s   wrqm/s     r/s     w/s    rkB/s    wkB/s avgrq-sz avgqu-sz   await r_await w_await  svctm  %util
sda               0.00     0.00    0.00    0.00     0.00     0.00     0.00     0.00    0.00    0.00    0.00   0.00   0.00

UID        PID  PPID   LWP  C NLWP STIME TTY          TIME CMD
root      5180  2034  5180  0    1 20:50 pts/17   00:00:00 /bin/bash ./daniel.sh ./falst.sh --log-trace --sys-trace --call-trace --net-trace --failed-count 2 -c 3
root      5274  5180  5274  0    1 20:50 pts/17   00:00:00 grep ./falst.sh
avg-cpu:  %user   %nice %system %iowait  %steal   %idle
           3.03    0.00    2.02    0.00    0.00   94.95

Device:         rrqm/s   wrqm/s     r/s     w/s    rkB/s    wkB/s avgrq-sz avgqu-sz   await r_await w_await  svctm  %util
sda               0.00     0.00    0.00    0.00     0.00     0.00     0.00     0.00    0.00    0.00    0.00   0.00   0.00

UID        PID  PPID   LWP  C NLWP STIME TTY          TIME CMD
root      5180  2034  5180  0    1 20:50 pts/17   00:00:00 /bin/bash ./daniel.sh ./falst.sh --log-trace --sys-trace --call-trace --net-trace --failed-count 2 -c 3
root      5277  5180  5277  0    1 20:50 pts/17   00:00:00 grep ./falst.sh
avg-cpu:  %user   %nice %system %iowait  %steal   %idle
          38.04    0.00    6.52    0.00    0.00   55.43

Device:         rrqm/s   wrqm/s     r/s     w/s    rkB/s    wkB/s avgrq-sz avgqu-sz   await r_await w_await  svctm  %util
sda               0.00     0.00    0.00    0.00     0.00     0.00     0.00     0.00    0.00    0.00    0.00   0.00   0.00

UID        PID  PPID   LWP  C NLWP STIME TTY          TIME CMD
root      5180  2034  5180  0    1 20:50 pts/17   00:00:00 /bin/bash ./daniel.sh ./falst.sh --log-trace --sys-trace --call-trace --net-trace --failed-count 2 -c 3
root      5281  5180  5281  0    1 20:50 pts/17   00:00:00 grep ./falst.sh
avg-cpu:  %user   %nice %system %iowait  %steal   %idle
           5.15    0.00    3.09    0.00    0.00   91.75

Device:         rrqm/s   wrqm/s     r/s     w/s    rkB/s    wkB/s avgrq-sz avgqu-sz   await r_await w_await  svctm  %util
sda               0.00     6.19    0.00    2.06     0.00    32.99    32.00     0.00    0.00    0.00    0.00   0.00   0.00

UID        PID  PPID   LWP  C NLWP STIME TTY          TIME CMD
root      5180  2034  5180  0    1 20:50 pts/17   00:00:00 /bin/bash ./daniel.sh ./falst.sh --log-trace --sys-trace --call-trace --net-trace --failed-count 2 -c 3
root      5284  5180  5284  0    1 20:50 pts/17   00:00:00 grep ./falst.sh
avg-cpu:  %user   %nice %system %iowait  %steal   %idle
           4.04    0.00    1.01    0.00    0.00   94.95

Device:         rrqm/s   wrqm/s     r/s     w/s    rkB/s    wkB/s avgrq-sz avgqu-sz   await r_await w_await  svctm  %util
sda               0.00     5.05    0.00   18.18     0.00    92.93    10.22     0.00    0.00    0.00    0.00   0.00   0.00

UID        PID  PPID   LWP  C NLWP STIME TTY          TIME CMD
root      5180  2034  5180  0    1 20:50 pts/17   00:00:00 /bin/bash ./daniel.sh ./falst.sh --log-trace --sys-trace --call-trace --net-trace --failed-count 2 -c 3
root      5287  5180  5287  0    1 20:50 pts/17   00:00:00 grep ./falst.sh
avg-cpu:  %user   %nice %system %iowait  %steal   %idle
           8.08    0.00    1.01    0.00    0.00   90.91

Device:         rrqm/s   wrqm/s     r/s     w/s    rkB/s    wkB/s avgrq-sz avgqu-sz   await r_await w_await  svctm  %util
sda               0.00     0.00    0.00    0.00     0.00     0.00     0.00     0.00    0.00    0.00    0.00   0.00   0.00

UID        PID  PPID   LWP  C NLWP STIME TTY          TIME CMD
root      5180  2034  5180  0    1 20:50 pts/17   00:00:00 /bin/bash ./daniel.sh ./falst.sh --log-trace --sys-trace --call-trace --net-trace --failed-count 2 -c 3
root      5290  5180  5290  0    1 20:50 pts/17   00:00:00 grep ./falst.sh
avg-cpu:  %user   %nice %system %iowait  %steal   %idle
           9.09    0.00    1.01    0.00    0.00   89.90

Device:         rrqm/s   wrqm/s     r/s     w/s    rkB/s    wkB/s avgrq-sz avgqu-sz   await r_await w_await  svctm  %util
sda               0.00     0.00    0.00    0.00     0.00     0.00     0.00     0.00    0.00    0.00    0.00   0.00   0.00

UID        PID  PPID   LWP  C NLWP STIME TTY          TIME CMD
root      5180  2034  5180  0    1 20:50 pts/17   00:00:00 /bin/bash ./daniel.sh ./falst.sh --log-trace --sys-trace --call-trace --net-trace --failed-count 2 -c 3
root      5293  5180  5293  0    1 20:50 pts/17   00:00:00 grep ./falst.sh
avg-cpu:  %user   %nice %system %iowait  %steal   %idle
           3.03    0.00    2.02    0.00    0.00   94.95

Device:         rrqm/s   wrqm/s     r/s     w/s    rkB/s    wkB/s avgrq-sz avgqu-sz   await r_await w_await  svctm  %util
sda               0.00     0.00    0.00    0.00     0.00     0.00     0.00     0.00    0.00    0.00    0.00   0.00   0.00

UID        PID  PPID   LWP  C NLWP STIME TTY          TIME CMD
root      5180  2034  5180  0    1 20:50 pts/17   00:00:00 /bin/bash ./daniel.sh ./falst.sh --log-trace --sys-trace --call-trace --net-trace --failed-count 2 -c 3
root      5296  5180  5296  0    1 20:50 pts/17   00:00:00 grep ./falst.sh
avg-cpu:  %user   %nice %system %iowait  %steal   %idle
          28.89    0.00    6.67    0.00    0.00   64.44

Device:         rrqm/s   wrqm/s     r/s     w/s    rkB/s    wkB/s avgrq-sz avgqu-sz   await r_await w_await  svctm  %util
sda               0.00     1.11    0.00    2.22     0.00    13.33    12.00     0.00    0.00    0.00    0.00   0.00   0.00

UID        PID  PPID   LWP  C NLWP STIME TTY          TIME CMD
root      5180  2034  5180  0    1 20:50 pts/17   00:00:00 /bin/bash ./daniel.sh ./falst.sh --log-trace --sys-trace --call-trace --net-trace --failed-count 2 -c 3
root      5299  5180  5299  0    1 20:50 pts/17   00:00:00 grep ./falst.sh
avg-cpu:  %user   %nice %system %iowait  %steal   %idle
          20.43    0.00    3.23    0.00    0.00   76.34

Device:         rrqm/s   wrqm/s     r/s     w/s    rkB/s    wkB/s avgrq-sz avgqu-sz   await r_await w_await  svctm  %util
sda               0.00     0.00    0.00    0.00     0.00     0.00     0.00     0.00    0.00    0.00    0.00   0.00   0.00

UID        PID  PPID   LWP  C NLWP STIME TTY          TIME CMD
root      5180  2034  5180  0    1 20:50 pts/17   00:00:00 /bin/bash ./daniel.sh ./falst.sh --log-trace --sys-trace --call-trace --net-trace --failed-count 2 -c 3
root      5302  5180  5302  0    1 20:50 pts/17   00:00:00 grep ./falst.sh
avg-cpu:  %user   %nice %system %iowait  %steal   %idle
          14.43    0.00    3.09    0.00    0.00   82.47

Device:         rrqm/s   wrqm/s     r/s     w/s    rkB/s    wkB/s avgrq-sz avgqu-sz   await r_await w_await  svctm  %util
sda               0.00     0.00    0.00    0.00     0.00     0.00     0.00     0.00    0.00    0.00    0.00   0.00   0.00

UID        PID  PPID   LWP  C NLWP STIME TTY          TIME CMD
root      5180  2034  5180  0    1 20:50 pts/17   00:00:00 /bin/bash ./daniel.sh ./falst.sh --log-trace --sys-trace --call-trace --net-trace --failed-count 2 -c 3
root      5305  5180  5305  0    1 20:50 pts/17   00:00:00 grep ./falst.sh
avg-cpu:  %user   %nice %system %iowait  %steal   %idle
           6.19    0.00    2.06    0.00    0.00   91.75

Device:         rrqm/s   wrqm/s     r/s     w/s    rkB/s    wkB/s avgrq-sz avgqu-sz   await r_await w_await  svctm  %util
sda               0.00     0.00    0.00    0.00     0.00     0.00     0.00     0.00    0.00    0.00    0.00   0.00   0.00

UID        PID  PPID   LWP  C NLWP STIME TTY          TIME CMD
root      5180  2034  5180  0    1 20:50 pts/17   00:00:00 /bin/bash ./daniel.sh ./falst.sh --log-trace --sys-trace --call-trace --net-trace --failed-count 2 -c 3
root      5308  5180  5308  0    1 20:50 pts/17   00:00:00 grep ./falst.sh
avg-cpu:  %user   %nice %system %iowait  %steal   %idle
          13.40    0.00    2.06    0.00    0.00   84.54

Device:         rrqm/s   wrqm/s     r/s     w/s    rkB/s    wkB/s avgrq-sz avgqu-sz   await r_await w_await  svctm  %util
sda               0.00     0.00    0.00    0.00     0.00     0.00     0.00     0.00    0.00    0.00    0.00   0.00   0.00

UID        PID  PPID   LWP  C NLWP STIME TTY          TIME CMD
root      5180  2034  5180  0    1 20:50 pts/17   00:00:00 /bin/bash ./daniel.sh ./falst.sh --log-trace --sys-trace --call-trace --net-trace --failed-count 2 -c 3
root      5311  5180  5311  0    1 20:50 pts/17   00:00:00 grep ./falst.sh
avg-cpu:  %user   %nice %system %iowait  %steal   %idle
           8.00    0.00    2.00    0.00    0.00   90.00

Device:         rrqm/s   wrqm/s     r/s     w/s    rkB/s    wkB/s avgrq-sz avgqu-sz   await r_await w_await  svctm  %util
sda               0.00     1.00    0.00    2.00     0.00    12.00    12.00     0.00    0.00    0.00    0.00   0.00   0.00

UID        PID  PPID   LWP  C NLWP STIME TTY          TIME CMD
root      5180  2034  5180  0    1 20:50 pts/17   00:00:00 /bin/bash ./daniel.sh ./falst.sh --log-trace --sys-trace --call-trace --net-trace --failed-count 2 -c 3
root      5314  5180  5314  0    1 20:50 pts/17   00:00:00 grep ./falst.sh
avg-cpu:  %user   %nice %system %iowait  %steal   %idle
          18.56    0.00    4.12    0.00    0.00   77.32

Device:         rrqm/s   wrqm/s     r/s     w/s    rkB/s    wkB/s avgrq-sz avgqu-sz   await r_await w_await  svctm  %util
sda               0.00     2.06    0.00    7.22     0.00   119.59    33.14     0.00    0.00    0.00    0.00   0.00   0.00

UID        PID  PPID   LWP  C NLWP STIME TTY          TIME CMD
root      5180  2034  5180  0    1 20:50 pts/17   00:00:00 /bin/bash ./daniel.sh ./falst.sh --log-trace --sys-trace --call-trace --net-trace --failed-count 2 -c 3
root      5317  5180  5317  0    1 20:51 pts/17   00:00:00 grep ./falst.sh
avg-cpu:  %user   %nice %system %iowait  %steal   %idle
           6.19    0.00    2.06    0.00    0.00   91.75

Device:         rrqm/s   wrqm/s     r/s     w/s    rkB/s    wkB/s avgrq-sz avgqu-sz   await r_await w_await  svctm  %util
sda               0.00     0.00    0.00    0.00     0.00     0.00     0.00     0.00    0.00    0.00    0.00   0.00   0.00

UID        PID  PPID   LWP  C NLWP STIME TTY          TIME CMD
root      5180  2034  5180  0    1 20:50 pts/17   00:00:00 /bin/bash ./daniel.sh ./falst.sh --log-trace --sys-trace --call-trace --net-trace --failed-count 2 -c 3
root      5320  5180  5320  0    1 20:51 pts/17   00:00:00 grep ./falst.sh
avg-cpu:  %user   %nice %system %iowait  %steal   %idle
          18.75    0.00    3.12    0.00    0.00   78.12

Device:         rrqm/s   wrqm/s     r/s     w/s    rkB/s    wkB/s avgrq-sz avgqu-sz   await r_await w_await  svctm  %util
sda               0.00     0.00    0.00    0.00     0.00     0.00     0.00     0.00    0.00    0.00    0.00   0.00   0.00

UID        PID  PPID   LWP  C NLWP STIME TTY          TIME CMD
root      5180  2034  5180  0    1 20:50 pts/17   00:00:00 /bin/bash ./daniel.sh ./falst.sh --log-trace --sys-trace --call-trace --net-trace --failed-count 2 -c 3
root      5323  5180  5323  0    1 20:51 pts/17   00:00:00 grep ./falst.sh
avg-cpu:  %user   %nice %system %iowait  %steal   %idle
          10.31    0.00    1.03    0.00    0.00   88.66

Device:         rrqm/s   wrqm/s     r/s     w/s    rkB/s    wkB/s avgrq-sz avgqu-sz   await r_await w_await  svctm  %util
sda               0.00     0.00    0.00    0.00     0.00     0.00     0.00     0.00    0.00    0.00    0.00   0.00   0.00

UID        PID  PPID   LWP  C NLWP STIME TTY          TIME CMD
root      5180  2034  5180  0    1 20:50 pts/17   00:00:00 /bin/bash ./daniel.sh ./falst.sh --log-trace --sys-trace --call-trace --net-trace --failed-count 2 -c 3
root      5326  5180  5326  0    1 20:51 pts/17   00:00:00 grep ./falst.sh
