Memory usage: 916/3951(mb) (23.184% used)
Now logging the I/O stats:
UID        PID  PPID   LWP  C NLWP STIME TTY          TIME CMD
Linux 4.4.0-34-generic (daniel) 	27/08/16 	_x86_64_	(1 CPU)

avg-cpu:  %user   %nice %system %iowait  %steal   %idle
          11.83    0.03    1.38    0.05    0.00   86.70

Device:         rrqm/s   wrqm/s     r/s     w/s    rkB/s    wkB/s avgrq-sz avgqu-sz   await r_await w_await  svctm  %util
sda               0.00     1.19    4.91    0.64   135.80    15.69    54.54     0.00    0.70    0.71    0.63   0.37   0.21

root      5165  2697  5165  0    1 20:50 pts/17   00:00:00 sudo ./daniel.sh ./falst.sh --log-trace --sys-trace --call-trace --net-trace --failed-count 2 -c 3
root      5166  5165  5166  0    1 20:50 pts/17   00:00:00 /bin/bash ./daniel.sh ./falst.sh --log-trace --sys-trace --call-trace --net-trace --failed-count 2 -c 3
root      5180  5166  5180  0    1 20:50 pts/17   00:00:00 /bin/bash ./daniel.sh ./falst.sh --log-trace --sys-trace --call-trace --net-trace --failed-count 2 -c 3
root      5222  5166  5222  0    1 20:50 pts/17   00:00:00 /bin/bash ./daniel.sh ./falst.sh --log-trace --sys-trace --call-trace --net-trace --failed-count 2 -c 3
root      5223  5166  5223  0    1 20:50 pts/17   00:00:00 strace -f ./falst.sh
root      5226  5222  5226  0    1 20:50 pts/17   00:00:00 grep ./falst.sh
root      5227  5223  5227  0    1 20:50 pts/17   00:00:00 /bin/bash ./falst.sh
avg-cpu:  %user   %nice %system %iowait  %steal   %idle
          12.77    0.00    3.19    0.00    0.00   84.04

Device:         rrqm/s   wrqm/s     r/s     w/s    rkB/s    wkB/s avgrq-sz avgqu-sz   await r_await w_await  svctm  %util
sda               0.00     0.00    0.00    0.00     0.00     0.00     0.00     0.00    0.00    0.00    0.00   0.00   0.00

UID        PID  PPID   LWP  C NLWP STIME TTY          TIME CMD
root      5165  2697  5165  0    1 20:50 pts/17   00:00:00 sudo ./daniel.sh ./falst.sh --log-trace --sys-trace --call-trace --net-trace --failed-count 2 -c 3
root      5166  5165  5166  0    1 20:50 pts/17   00:00:00 /bin/bash ./daniel.sh ./falst.sh --log-trace --sys-trace --call-trace --net-trace --failed-count 2 -c 3
root      5180  5166  5180  0    1 20:50 pts/17   00:00:00 /bin/bash ./daniel.sh ./falst.sh --log-trace --sys-trace --call-trace --net-trace --failed-count 2 -c 3
root      5222  5166  5222  0    1 20:50 pts/17   00:00:00 /bin/bash ./daniel.sh ./falst.sh --log-trace --sys-trace --call-trace --net-trace --failed-count 2 -c 3
root      5223  5166  5223  0    1 20:50 pts/17   00:00:00 strace -f ./falst.sh
root      5227  5223  5227  0    1 20:50 pts/17   00:00:00 /bin/bash ./falst.sh
root      5234  5222  5234  0    1 20:50 pts/17   00:00:00 grep ./falst.sh
avg-cpu:  %user   %nice %system %iowait  %steal   %idle
           9.09    0.00    3.03    0.00    0.00   87.88

Device:         rrqm/s   wrqm/s     r/s     w/s    rkB/s    wkB/s avgrq-sz avgqu-sz   await r_await w_await  svctm  %util
sda               0.00     0.00    0.00    0.00     0.00     0.00     0.00     0.00    0.00    0.00    0.00   0.00   0.00

UID        PID  PPID   LWP  C NLWP STIME TTY          TIME CMD
root      5165  2697  5165  0    1 20:50 pts/17   00:00:00 sudo ./daniel.sh ./falst.sh --log-trace --sys-trace --call-trace --net-trace --failed-count 2 -c 3
root      5166  5165  5166  0    1 20:50 pts/17   00:00:00 /bin/bash ./daniel.sh ./falst.sh --log-trace --sys-trace --call-trace --net-trace --failed-count 2 -c 3
root      5180  5166  5180  0    1 20:50 pts/17   00:00:00 /bin/bash ./daniel.sh ./falst.sh --log-trace --sys-trace --call-trace --net-trace --failed-count 2 -c 3
root      5222  5166  5222  0    1 20:50 pts/17   00:00:00 /bin/bash ./daniel.sh ./falst.sh --log-trace --sys-trace --call-trace --net-trace --failed-count 2 -c 3
root      5223  5166  5223  0    1 20:50 pts/17   00:00:00 strace -f ./falst.sh
root      5227  5223  5227  0    1 20:50 pts/17   00:00:00 /bin/bash ./falst.sh
root      5240  5222  5240  0    1 20:50 pts/17   00:00:00 grep ./falst.sh
avg-cpu:  %user   %nice %system %iowait  %steal   %idle
           8.42    0.00    3.16    0.00    0.00   88.42

Device:         rrqm/s   wrqm/s     r/s     w/s    rkB/s    wkB/s avgrq-sz avgqu-sz   await r_await w_await  svctm  %util
sda               0.00     0.00    0.00    0.00     0.00     0.00     0.00     0.00    0.00    0.00    0.00   0.00   0.00

UID        PID  PPID   LWP  C NLWP STIME TTY          TIME CMD
root      5165  2697  5165  0    1 20:50 pts/17   00:00:00 sudo ./daniel.sh ./falst.sh --log-trace --sys-trace --call-trace --net-trace --failed-count 2 -c 3
root      5166  5165  5166  0    1 20:50 pts/17   00:00:00 /bin/bash ./daniel.sh ./falst.sh --log-trace --sys-trace --call-trace --net-trace --failed-count 2 -c 3
root      5180  5166  5180  0    1 20:50 pts/17   00:00:00 /bin/bash ./daniel.sh ./falst.sh --log-trace --sys-trace --call-trace --net-trace --failed-count 2 -c 3
root      5222  5166  5222  0    1 20:50 pts/17   00:00:00 /bin/bash ./daniel.sh ./falst.sh --log-trace --sys-trace --call-trace --net-trace --failed-count 2 -c 3
root      5223  5166  5223  0    1 20:50 pts/17   00:00:00 strace -f ./falst.sh
root      5227  5223  5227  0    1 20:50 pts/17   00:00:00 /bin/bash ./falst.sh
root      5246  5222  5246  0    1 20:50 pts/17   00:00:00 grep ./falst.sh
avg-cpu:  %user   %nice %system %iowait  %steal   %idle
           5.05    0.00    4.04    0.00    0.00   90.91

Device:         rrqm/s   wrqm/s     r/s     w/s    rkB/s    wkB/s avgrq-sz avgqu-sz   await r_await w_await  svctm  %util
sda               0.00     0.00    0.00    0.00     0.00     0.00     0.00     0.00    0.00    0.00    0.00   0.00   0.00

UID        PID  PPID   LWP  C NLWP STIME TTY          TIME CMD
root      5165  2697  5165  0    1 20:50 pts/17   00:00:00 sudo ./daniel.sh ./falst.sh --log-trace --sys-trace --call-trace --net-trace --failed-count 2 -c 3
root      5166  5165  5166  0    1 20:50 pts/17   00:00:00 /bin/bash ./daniel.sh ./falst.sh --log-trace --sys-trace --call-trace --net-trace --failed-count 2 -c 3
root      5180  5166  5180  0    1 20:50 pts/17   00:00:00 /bin/bash ./daniel.sh ./falst.sh --log-trace --sys-trace --call-trace --net-trace --failed-count 2 -c 3
root      5222  5166  5222  0    1 20:50 pts/17   00:00:00 /bin/bash ./daniel.sh ./falst.sh --log-trace --sys-trace --call-trace --net-trace --failed-count 2 -c 3
root      5223  5166  5223  0    1 20:50 pts/17   00:00:00 strace -f ./falst.sh
root      5227  5223  5227  0    1 20:50 pts/17   00:00:00 /bin/bash ./falst.sh
root      5252  5222  5252  0    1 20:50 pts/17   00:00:00 grep ./falst.sh
avg-cpu:  %user   %nice %system %iowait  %steal   %idle
           9.38    0.00    3.12    0.00    0.00   87.50

Device:         rrqm/s   wrqm/s     r/s     w/s    rkB/s    wkB/s avgrq-sz avgqu-sz   await r_await w_await  svctm  %util
sda               0.00    11.46    0.00    2.08     0.00    54.17    52.00     0.00    2.00    0.00    2.00   2.00   0.42

UID        PID  PPID   LWP  C NLWP STIME TTY          TIME CMD
root      5165  2697  5165  0    1 20:50 pts/17   00:00:00 sudo ./daniel.sh ./falst.sh --log-trace --sys-trace --call-trace --net-trace --failed-count 2 -c 3
root      5166  5165  5166  0    1 20:50 pts/17   00:00:00 /bin/bash ./daniel.sh ./falst.sh --log-trace --sys-trace --call-trace --net-trace --failed-count 2 -c 3
root      5180  5166  5180  0    1 20:50 pts/17   00:00:00 /bin/bash ./daniel.sh ./falst.sh --log-trace --sys-trace --call-trace --net-trace --failed-count 2 -c 3
root      5222  5166  5222  0    1 20:50 pts/17   00:00:00 /bin/bash ./daniel.sh ./falst.sh --log-trace --sys-trace --call-trace --net-trace --failed-count 2 -c 3
root      5223  5166  5223  0    1 20:50 pts/17   00:00:00 strace -f ./falst.sh
root      5227  5223  5227  0    1 20:50 pts/17   00:00:00 /bin/bash ./falst.sh
root      5258  5222  5258  0    1 20:50 pts/17   00:00:00 grep ./falst.sh

Total Network packages sent during the exec: 13