Memory usage: 915/3951(mb) (23.1587% used)
Now logging the I/O stats:
UID        PID  PPID   LWP  C NLWP STIME TTY          TIME CMD
Linux 4.4.0-34-generic (daniel) 	27/08/16 	_x86_64_	(1 CPU)

avg-cpu:  %user   %nice %system %iowait  %steal   %idle
          12.02    0.03    1.41    0.05    0.00   86.49

Device:         rrqm/s   wrqm/s     r/s     w/s    rkB/s    wkB/s avgrq-sz avgqu-sz   await r_await w_await  svctm  %util
sda               0.00     1.16    4.69    0.64   129.55    15.19    54.36     0.00    0.70    0.71    0.61   0.37   0.20

root      5348  2697  5348  0    1 20:54 pts/17   00:00:00 sudo ./daniel.sh ./falst.sh --log-trace --sys-trace --call-trace --net-trace --failed-count 2 -c 3
root      5349  5348  5349  0    1 20:54 pts/17   00:00:00 /bin/bash ./daniel.sh ./falst.sh --log-trace --sys-trace --call-trace --net-trace --failed-count 2 -c 3
root      5405  5349  5405  0    1 20:54 pts/17   00:00:00 /bin/bash ./daniel.sh ./falst.sh --log-trace --sys-trace --call-trace --net-trace --failed-count 2 -c 3
root      5406  5349  5406  0    1 20:54 pts/17   00:00:00 strace -f ./falst.sh
root      5409  5405  5409  0    1 20:54 pts/17   00:00:00 grep ./falst.sh
root      5410  5406  5410  0    1 20:54 pts/17   00:00:00 /bin/bash ./falst.sh
avg-cpu:  %user   %nice %system %iowait  %steal   %idle
          20.62    0.00    3.09    0.00    0.00   76.29

Device:         rrqm/s   wrqm/s     r/s     w/s    rkB/s    wkB/s avgrq-sz avgqu-sz   await r_await w_await  svctm  %util
sda               0.00     0.00    0.00    0.00     0.00     0.00     0.00     0.00    0.00    0.00    0.00   0.00   0.00

UID        PID  PPID   LWP  C NLWP STIME TTY          TIME CMD
root      5348  2697  5348  0    1 20:54 pts/17   00:00:00 sudo ./daniel.sh ./falst.sh --log-trace --sys-trace --call-trace --net-trace --failed-count 2 -c 3
root      5349  5348  5349  0    1 20:54 pts/17   00:00:00 /bin/bash ./daniel.sh ./falst.sh --log-trace --sys-trace --call-trace --net-trace --failed-count 2 -c 3
root      5405  5349  5405  0    1 20:54 pts/17   00:00:00 /bin/bash ./daniel.sh ./falst.sh --log-trace --sys-trace --call-trace --net-trace --failed-count 2 -c 3
root      5406  5349  5406  0    1 20:54 pts/17   00:00:00 strace -f ./falst.sh
root      5410  5406  5410  0    1 20:54 pts/17   00:00:00 /bin/bash ./falst.sh
root      5414  5405  5414  0    1 20:54 pts/17   00:00:00 grep ./falst.sh
avg-cpu:  %user   %nice %system %iowait  %steal   %idle
           7.14    0.00    2.04    0.00    0.00   90.82

Device:         rrqm/s   wrqm/s     r/s     w/s    rkB/s    wkB/s avgrq-sz avgqu-sz   await r_await w_await  svctm  %util
sda               0.00     0.00    0.00    0.00     0.00     0.00     0.00     0.00    0.00    0.00    0.00   0.00   0.00

UID        PID  PPID   LWP  C NLWP STIME TTY          TIME CMD
root      5348  2697  5348  0    1 20:54 pts/17   00:00:00 sudo ./daniel.sh ./falst.sh --log-trace --sys-trace --call-trace --net-trace --failed-count 2 -c 3
root      5349  5348  5349  0    1 20:54 pts/17   00:00:00 /bin/bash ./daniel.sh ./falst.sh --log-trace --sys-trace --call-trace --net-trace --failed-count 2 -c 3
root      5405  5349  5405  0    1 20:54 pts/17   00:00:00 /bin/bash ./daniel.sh ./falst.sh --log-trace --sys-trace --call-trace --net-trace --failed-count 2 -c 3
root      5406  5349  5406  0    1 20:54 pts/17   00:00:00 strace -f ./falst.sh
root      5410  5406  5410  0    1 20:54 pts/17   00:00:00 /bin/bash ./falst.sh
root      5417  5405  5417  0    1 20:54 pts/17   00:00:00 grep ./falst.sh
avg-cpu:  %user   %nice %system %iowait  %steal   %idle
           8.00    0.00    2.00    0.00    0.00   90.00

Device:         rrqm/s   wrqm/s     r/s     w/s    rkB/s    wkB/s avgrq-sz avgqu-sz   await r_await w_await  svctm  %util
sda               0.00     0.00    0.00    0.00     0.00     0.00     0.00     0.00    0.00    0.00    0.00   0.00   0.00

UID        PID  PPID   LWP  C NLWP STIME TTY          TIME CMD
root      5348  2697  5348  0    1 20:54 pts/17   00:00:00 sudo ./daniel.sh ./falst.sh --log-trace --sys-trace --call-trace --net-trace --failed-count 2 -c 3
root      5349  5348  5349  0    1 20:54 pts/17   00:00:00 /bin/bash ./daniel.sh ./falst.sh --log-trace --sys-trace --call-trace --net-trace --failed-count 2 -c 3
root      5405  5349  5405  0    1 20:54 pts/17   00:00:00 /bin/bash ./daniel.sh ./falst.sh --log-trace --sys-trace --call-trace --net-trace --failed-count 2 -c 3
root      5406  5349  5406  0    1 20:54 pts/17   00:00:00 strace -f ./falst.sh
root      5410  5406  5410  0    1 20:54 pts/17   00:00:00 /bin/bash ./falst.sh
root      5420  5405  5420  0    1 20:54 pts/17   00:00:00 grep ./falst.sh
avg-cpu:  %user   %nice %system %iowait  %steal   %idle
           2.06    0.00    1.03    0.00    0.00   96.91

Device:         rrqm/s   wrqm/s     r/s     w/s    rkB/s    wkB/s avgrq-sz avgqu-sz   await r_await w_await  svctm  %util
sda               0.00     0.00    0.00    0.00     0.00     0.00     0.00     0.00    0.00    0.00    0.00   0.00   0.00

UID        PID  PPID   LWP  C NLWP STIME TTY          TIME CMD
root      5348  2697  5348  0    1 20:54 pts/17   00:00:00 sudo ./daniel.sh ./falst.sh --log-trace --sys-trace --call-trace --net-trace --failed-count 2 -c 3
root      5349  5348  5349  0    1 20:54 pts/17   00:00:00 /bin/bash ./daniel.sh ./falst.sh --log-trace --sys-trace --call-trace --net-trace --failed-count 2 -c 3
root      5405  5349  5405  0    1 20:54 pts/17   00:00:00 /bin/bash ./daniel.sh ./falst.sh --log-trace --sys-trace --call-trace --net-trace --failed-count 2 -c 3
root      5406  5349  5406  0    1 20:54 pts/17   00:00:00 strace -f ./falst.sh
root      5410  5406  5410  0    1 20:54 pts/17   00:00:00 /bin/bash ./falst.sh
root      5423  5405  5423  0    1 20:54 pts/17   00:00:00 grep ./falst.sh
avg-cpu:  %user   %nice %system %iowait  %steal   %idle
           7.14    0.00    2.04    0.00    0.00   90.82

Device:         rrqm/s   wrqm/s     r/s     w/s    rkB/s    wkB/s avgrq-sz avgqu-sz   await r_await w_await  svctm  %util
sda               0.00     8.16    0.00    2.04     0.00    40.82    40.00     0.00    0.00    0.00    0.00   0.00   0.00

UID        PID  PPID   LWP  C NLWP STIME TTY          TIME CMD
root      5348  2697  5348  0    1 20:54 pts/17   00:00:00 sudo ./daniel.sh ./falst.sh --log-trace --sys-trace --call-trace --net-trace --failed-count 2 -c 3
root      5349  5348  5349  0    1 20:54 pts/17   00:00:00 /bin/bash ./daniel.sh ./falst.sh --log-trace --sys-trace --call-trace --net-trace --failed-count 2 -c 3
root      5405  5349  5405  0    1 20:54 pts/17   00:00:00 /bin/bash ./daniel.sh ./falst.sh --log-trace --sys-trace --call-trace --net-trace --failed-count 2 -c 3
root      5406  5349  5406  0    1 20:54 pts/17   00:00:00 strace -f ./falst.sh
root      5410  5406  5410  0    1 20:54 pts/17   00:00:00 /bin/bash ./falst.sh
root      5426  5405  5426  0    1 20:54 pts/17   00:00:00 grep ./falst.sh

Total Network packages sent during the exec: 12