Memory usage: 915/3951(mb) (23.1587% used)
Now logging the I/O stats:
UID        PID  PPID   LWP  C NLWP STIME TTY          TIME CMD
Linux 4.4.0-34-generic (daniel) 	27/08/16 	_x86_64_	(1 CPU)

avg-cpu:  %user   %nice %system %iowait  %steal   %idle
          12.03    0.03    1.41    0.05    0.00   86.49

Device:         rrqm/s   wrqm/s     r/s     w/s    rkB/s    wkB/s avgrq-sz avgqu-sz   await r_await w_await  svctm  %util
sda               0.00     1.16    4.69    0.64   129.71    15.18    54.39     0.00    0.70    0.71    0.61   0.37   0.20

root      5348  2697  5348  0    1 20:54 pts/17   00:00:00 sudo ./daniel.sh ./falst.sh --log-trace --sys-trace --call-trace --net-trace --failed-count 2 -c 3
root      5349  5348  5349  0    1 20:54 pts/17   00:00:00 /bin/bash ./daniel.sh ./falst.sh --log-trace --sys-trace --call-trace --net-trace --failed-count 2 -c 3
root      5363  5349  5363  0    1 20:54 pts/17   00:00:00 /bin/bash ./daniel.sh ./falst.sh --log-trace --sys-trace --call-trace --net-trace --failed-count 2 -c 3
root      5364  5349  5364  0    1 20:54 pts/17   00:00:00 strace -f ./falst.sh
root      5367  5363  5367  0    1 20:54 pts/17   00:00:00 grep ./falst.sh
root      5368  5364  5368  0    1 20:54 pts/17   00:00:00 /bin/bash ./falst.sh
avg-cpu:  %user   %nice %system %iowait  %steal   %idle
          13.83    0.00    5.32    0.00    0.00   80.85

Device:         rrqm/s   wrqm/s     r/s     w/s    rkB/s    wkB/s avgrq-sz avgqu-sz   await r_await w_await  svctm  %util
sda               0.00     0.00    0.00    0.00     0.00     0.00     0.00     0.00    0.00    0.00    0.00   0.00   0.00

UID        PID  PPID   LWP  C NLWP STIME TTY          TIME CMD
root      5348  2697  5348  0    1 20:54 pts/17   00:00:00 sudo ./daniel.sh ./falst.sh --log-trace --sys-trace --call-trace --net-trace --failed-count 2 -c 3
root      5349  5348  5349  0    1 20:54 pts/17   00:00:00 /bin/bash ./daniel.sh ./falst.sh --log-trace --sys-trace --call-trace --net-trace --failed-count 2 -c 3
root      5363  5349  5363  0    1 20:54 pts/17   00:00:00 /bin/bash ./daniel.sh ./falst.sh --log-trace --sys-trace --call-trace --net-trace --failed-count 2 -c 3
root      5364  5349  5364  0    1 20:54 pts/17   00:00:00 strace -f ./falst.sh
root      5368  5364  5368  0    1 20:54 pts/17   00:00:00 /bin/bash ./falst.sh
root      5372  5363  5372  0    1 20:54 pts/17   00:00:00 grep ./falst.sh
avg-cpu:  %user   %nice %system %iowait  %steal   %idle
           7.07    0.00    3.03    0.00    0.00   89.90

Device:         rrqm/s   wrqm/s     r/s     w/s    rkB/s    wkB/s avgrq-sz avgqu-sz   await r_await w_await  svctm  %util
sda               0.00     0.00    0.00    0.00     0.00     0.00     0.00     0.00    0.00    0.00    0.00   0.00   0.00

UID        PID  PPID   LWP  C NLWP STIME TTY          TIME CMD
root      5348  2697  5348  0    1 20:54 pts/17   00:00:00 sudo ./daniel.sh ./falst.sh --log-trace --sys-trace --call-trace --net-trace --failed-count 2 -c 3
root      5349  5348  5349  0    1 20:54 pts/17   00:00:00 /bin/bash ./daniel.sh ./falst.sh --log-trace --sys-trace --call-trace --net-trace --failed-count 2 -c 3
root      5363  5349  5363  0    1 20:54 pts/17   00:00:00 /bin/bash ./daniel.sh ./falst.sh --log-trace --sys-trace --call-trace --net-trace --failed-count 2 -c 3
root      5364  5349  5364  0    1 20:54 pts/17   00:00:00 strace -f ./falst.sh
root      5368  5364  5368  0    1 20:54 pts/17   00:00:00 /bin/bash ./falst.sh
root      5375  5363  5375  0    1 20:54 pts/17   00:00:00 grep ./falst.sh
avg-cpu:  %user   %nice %system %iowait  %steal   %idle
           7.22    0.00    2.06    0.00    0.00   90.72

Device:         rrqm/s   wrqm/s     r/s     w/s    rkB/s    wkB/s avgrq-sz avgqu-sz   await r_await w_await  svctm  %util
sda               0.00     2.06    0.00   13.40     0.00    94.85    14.15     0.00    0.00    0.00    0.00   0.00   0.00

UID        PID  PPID   LWP  C NLWP STIME TTY          TIME CMD
root      5348  2697  5348  0    1 20:54 pts/17   00:00:00 sudo ./daniel.sh ./falst.sh --log-trace --sys-trace --call-trace --net-trace --failed-count 2 -c 3
root      5349  5348  5349  0    1 20:54 pts/17   00:00:00 /bin/bash ./daniel.sh ./falst.sh --log-trace --sys-trace --call-trace --net-trace --failed-count 2 -c 3
root      5363  5349  5363  0    1 20:54 pts/17   00:00:00 /bin/bash ./daniel.sh ./falst.sh --log-trace --sys-trace --call-trace --net-trace --failed-count 2 -c 3
root      5364  5349  5364  0    1 20:54 pts/17   00:00:00 strace -f ./falst.sh
root      5368  5364  5368  0    1 20:54 pts/17   00:00:00 /bin/bash ./falst.sh
root      5378  5363  5378  0    1 20:54 pts/17   00:00:00 grep ./falst.sh
avg-cpu:  %user   %nice %system %iowait  %steal   %idle
           4.95    0.00    1.98    0.00    0.00   93.07

Device:         rrqm/s   wrqm/s     r/s     w/s    rkB/s    wkB/s avgrq-sz avgqu-sz   await r_await w_await  svctm  %util
sda               0.00     0.00    0.00    0.00     0.00     0.00     0.00     0.00    0.00    0.00    0.00   0.00   0.00

UID        PID  PPID   LWP  C NLWP STIME TTY          TIME CMD
root      5348  2697  5348  0    1 20:54 pts/17   00:00:00 sudo ./daniel.sh ./falst.sh --log-trace --sys-trace --call-trace --net-trace --failed-count 2 -c 3
root      5349  5348  5349  0    1 20:54 pts/17   00:00:00 /bin/bash ./daniel.sh ./falst.sh --log-trace --sys-trace --call-trace --net-trace --failed-count 2 -c 3
root      5363  5349  5363  0    1 20:54 pts/17   00:00:00 /bin/bash ./daniel.sh ./falst.sh --log-trace --sys-trace --call-trace --net-trace --failed-count 2 -c 3
root      5364  5349  5364  0    1 20:54 pts/17   00:00:00 strace -f ./falst.sh
root      5368  5364  5368  0    1 20:54 pts/17   00:00:00 /bin/bash ./falst.sh
root      5381  5363  5381  0    1 20:54 pts/17   00:00:00 grep ./falst.sh
avg-cpu:  %user   %nice %system %iowait  %steal   %idle
           6.12    0.00    2.04    0.00    0.00   91.84

Device:         rrqm/s   wrqm/s     r/s     w/s    rkB/s    wkB/s avgrq-sz avgqu-sz   await r_await w_await  svctm  %util
sda               0.00     0.00    0.00    0.00     0.00     0.00     0.00     0.00    0.00    0.00    0.00   0.00   0.00

UID        PID  PPID   LWP  C NLWP STIME TTY          TIME CMD
root      5348  2697  5348  0    1 20:54 pts/17   00:00:00 sudo ./daniel.sh ./falst.sh --log-trace --sys-trace --call-trace --net-trace --failed-count 2 -c 3
root      5349  5348  5349  0    1 20:54 pts/17   00:00:00 /bin/bash ./daniel.sh ./falst.sh --log-trace --sys-trace --call-trace --net-trace --failed-count 2 -c 3
root      5363  5349  5363  0    1 20:54 pts/17   00:00:00 /bin/bash ./daniel.sh ./falst.sh --log-trace --sys-trace --call-trace --net-trace --failed-count 2 -c 3
root      5364  5349  5364  0    1 20:54 pts/17   00:00:00 strace -f ./falst.sh
root      5368  5364  5368  0    1 20:54 pts/17   00:00:00 /bin/bash ./falst.sh
root      5384  5363  5384  0    1 20:54 pts/17   00:00:00 grep ./falst.sh

Total Network packages sent during the exec: 13